<html>
<head>
<title>TestNG:  Main tests</title>
<link href="../testng.css" rel="stylesheet" type="text/css" />
<link href="../my-testng.css" rel="stylesheet" type="text/css" />

<style type="text/css">
.log { display: none;} 
.stack-trace { display: none;} 
</style>
<script type="text/javascript">
<!--
function flip(e) {
  current = e.style.display;
  if (current == 'block') {
    e.style.display = 'none';
    return 0;
  }
  else {
    e.style.display = 'block';
    return 1;
  }
}

function toggleBox(szDivId, elem, msg1, msg2)
{
  var res = -1;  if (document.getElementById) {
    res = flip(document.getElementById(szDivId));
  }
  else if (document.all) {
    // this is the way old msie versions work
    res = flip(document.all[szDivId]);
  }
  if(elem) {
    if(res == 0) elem.innerHTML = msg1; else elem.innerHTML = msg2;
  }

}

function toggleAllBoxes() {
  if (document.getElementsByTagName) {
    d = document.getElementsByTagName('div');
    for (i = 0; i < d.length; i++) {
      if (d[i].className == 'log') {
        flip(d[i]);
      }
    }
  }
}

// -->
</script>

</head>
<body>
<h2 align='center'>Main tests</h2><table border='1' align="center">
<tr>
<td>Tests passed/Failed/Skipped:</td><td>31/1/3</td>
</tr><tr>
<td>Started on:</td><td>Fri Nov 24 23:07:23 EST 2023</td>
</tr>
<tr><td>Total time:</td><td>188 seconds (188133 ms)</td>
</tr><tr>
<td>Included groups:</td><td></td>
</tr><tr>
<td>Excluded groups:</td><td></td>
</tr>
</table><p/>
<small><i>(Hover the method name to see the test class name)</i></small><p/>
<table width='100%' border='1' class='invocation-failed'>
<tr><td colspan='4' align='center'><b>FAILED TESTS</b></td></tr>
<tr><td><b>Test method</b></td>
<td><b>Attribute(s)</b></td>
<td width="30%"><b>Exception</b></td>
<td width="10%"><b>Time (seconds)</b></td>
<td><b>Instance</b></td>
</tr>
<tr>
<td title='pageObjectsTests.PlayListTests.playlistTests_renamePlaylist_playlistRenamed()'><b>playlistTests_renamePlaylist_playlistRenamed</b><br>Test class: pageObjectsTests.PlayListTests</td>
<td><div><pre>org.openqa.selenium.TimeoutException: Expected condition failed: waiting for element to be clickable: By.xpath: //*[@title=&apos;Create a new playlist&apos;] (tried for 10 second(s) with 200 milliseconds interval)
Build info: version: &apos;4.9.1&apos;, revision: &apos;eb2032df7f&apos;
System info: os.name: &apos;Windows 10&apos;, os.arch: &apos;amd64&apos;, os.version: &apos;10.0&apos;, java.version: &apos;17.0.9&apos;
Driver info: org.openqa.selenium.chrome.ChromeDriver
Capabilities {acceptInsecureCerts: false, browserName: chrome, browserVersion: 119.0.6045.160, chrome: {chromedriverVersion: 119.0.6045.105 (38c72552c5e..., userDataDir: C:\Users\acade\AppData\Loca...}, fedcm:accounts: true, goog:chromeOptions: {debuggerAddress: localhost:50398}, networkConnectionEnabled: false, pageLoadStrategy: normal, platformName: windows, proxy: Proxy(), se:cdp: ws://localhost:50398/devtoo..., se:cdpVersion: 119.0.6045.160, setWindowRect: true, strictFileInteractability: false, timeouts: {implicit: 0, pageLoad: 300000, script: 30000}, unhandledPromptBehavior: dismiss and notify, webauthn:extension:credBlob: true, webauthn:extension:largeBlob: true, webauthn:extension:minPinLength: true, webauthn:extension:prf: true, webauthn:virtualAuthenticators: true}
Session ID: 4af8378484dedaba6ad605163df1e7ac
	at org.openqa.selenium.support.ui.WebDriverWait.timeoutException(WebDriverWait.java:87)
	at org.openqa.selenium.support.ui.FluentWait.until(FluentWait.java:231)
	at pageObjects.MainPage.getPlusButton(MainPage.java:20)
	at pageObjects.MainPage.createPlaylist(MainPage.java:49)
	at pageObjectsTests.PlayListTests.playlistTests_renamePlaylist_playlistRenamed(PlayListTests.java:38)
	at java.base/java.util.concurrent.ThreadPoolExecutor.runWorker(ThreadPoolExecutor.java:1136)
	at java.base/java.util.concurrent.ThreadPoolExecutor$Worker.run(ThreadPoolExecutor.java:635)
	at java.base/java.lang.Thread.run(Thread.java:840)
... Removed 12 stack frames</pre></div><a href='#' onClick='toggleBox("stack-trace2147186700", this, "Click to show all stack frames", "Click to hide stack frames")'>Click to show all stack frames</a>
<div class='stack-trace' id='stack-trace2147186700'><pre>org.openqa.selenium.TimeoutException: Expected condition failed: waiting for element to be clickable: By.xpath: //*[@title=&apos;Create a new playlist&apos;] (tried for 10 second(s) with 200 milliseconds interval)
Build info: version: &apos;4.9.1&apos;, revision: &apos;eb2032df7f&apos;
System info: os.name: &apos;Windows 10&apos;, os.arch: &apos;amd64&apos;, os.version: &apos;10.0&apos;, java.version: &apos;17.0.9&apos;
Driver info: org.openqa.selenium.chrome.ChromeDriver
Capabilities {acceptInsecureCerts: false, browserName: chrome, browserVersion: 119.0.6045.160, chrome: {chromedriverVersion: 119.0.6045.105 (38c72552c5e..., userDataDir: C:\Users\acade\AppData\Loca...}, fedcm:accounts: true, goog:chromeOptions: {debuggerAddress: localhost:50398}, networkConnectionEnabled: false, pageLoadStrategy: normal, platformName: windows, proxy: Proxy(), se:cdp: ws://localhost:50398/devtoo..., se:cdpVersion: 119.0.6045.160, setWindowRect: true, strictFileInteractability: false, timeouts: {implicit: 0, pageLoad: 300000, script: 30000}, unhandledPromptBehavior: dismiss and notify, webauthn:extension:credBlob: true, webauthn:extension:largeBlob: true, webauthn:extension:minPinLength: true, webauthn:extension:prf: true, webauthn:virtualAuthenticators: true}
Session ID: 4af8378484dedaba6ad605163df1e7ac
	at org.openqa.selenium.support.ui.WebDriverWait.timeoutException(WebDriverWait.java:87)
	at org.openqa.selenium.support.ui.FluentWait.until(FluentWait.java:231)
	at pageObjects.MainPage.getPlusButton(MainPage.java:20)
	at pageObjects.MainPage.createPlaylist(MainPage.java:49)
	at pageObjectsTests.PlayListTests.playlistTests_renamePlaylist_playlistRenamed(PlayListTests.java:38)
	at java.base/jdk.internal.reflect.NativeMethodAccessorImpl.invoke0(Native Method)
	at java.base/jdk.internal.reflect.NativeMethodAccessorImpl.invoke(NativeMethodAccessorImpl.java:77)
	at java.base/jdk.internal.reflect.DelegatingMethodAccessorImpl.invoke(DelegatingMethodAccessorImpl.java:43)
	at java.base/java.lang.reflect.Method.invoke(Method.java:568)
	at org.testng.internal.invokers.MethodInvocationHelper.invokeMethod(MethodInvocationHelper.java:139)
	at org.testng.internal.invokers.TestInvoker.invokeMethod(TestInvoker.java:677)
	at org.testng.internal.invokers.TestInvoker.invokeTestMethod(TestInvoker.java:221)
	at org.testng.internal.invokers.MethodRunner.runInSequence(MethodRunner.java:50)
	at org.testng.internal.invokers.TestInvoker$MethodInvocationAgent.invoke(TestInvoker.java:969)
	at org.testng.internal.invokers.TestInvoker.invokeTestMethods(TestInvoker.java:194)
	at org.testng.internal.invokers.TestMethodWorker.invokeTestMethods(TestMethodWorker.java:148)
	at org.testng.internal.invokers.TestMethodWorker.run(TestMethodWorker.java:128)
	at java.base/java.util.concurrent.ThreadPoolExecutor.runWorker(ThreadPoolExecutor.java:1136)
	at java.base/java.util.concurrent.ThreadPoolExecutor$Worker.run(ThreadPoolExecutor.java:635)
	at java.base/java.lang.Thread.run(Thread.java:840)
</pre></div></td>
<td>13</td>
<td>pageObjectsTests.PlayListTests@27d4a09</td></tr>
</table><p>
<table width='100%' border='1' class='invocation-passed'>
<tr><td colspan='4' align='center'><b>PASSED TESTS</b></td></tr>
<tr><td><b>Test method</b></td>
<td><b>Attribute(s)</b></td>
<td width="30%"><b>Exception</b></td>
<td width="10%"><b>Time (seconds)</b></td>
<td><b>Instance</b></td>
</tr>
<tr>
<td title='pageObjectsTests.LoginToApp.loginToApp_correctCredentials_successfulLogin4()'><b>loginToApp_correctCredentials_successfulLogin4</b><br>Test class: pageObjectsTests.LoginToApp</td>
<td></td>
<td>4</td>
<td>pageObjectsTests.LoginToApp@6d025197</td></tr>
<tr>
<td title='pageObjectsTests.LoginToApp.loginToApp_incorrectCredentials_failedLogin5()'><b>loginToApp_incorrectCredentials_failedLogin5</b><br>Test class: pageObjectsTests.LoginToApp</td>
<td></td>
<td>2</td>
<td>pageObjectsTests.LoginToApp@6d025197</td></tr>
<tr>
<td title='pageObjectsTests.LoginToApp.loginToApp_correctCredentials_successfulLogin5()'><b>loginToApp_correctCredentials_successfulLogin5</b><br>Test class: pageObjectsTests.LoginToApp</td>
<td></td>
<td>2</td>
<td>pageObjectsTests.LoginToApp@6d025197</td></tr>
<tr>
<td title='pageObjectsTests.PlayListTests.playlistTests_renamePlaylist_playlistRenamed3()'><b>playlistTests_renamePlaylist_playlistRenamed3</b><br>Test class: pageObjectsTests.PlayListTests</td>
<td></td>
<td>11</td>
<td>pageObjectsTests.PlayListTests@27d4a09</td></tr>
<tr>
<td title='pageObjectsTests.PlayListTests.playlistTests_createPlaylist_playlistCreated2()'><b>playlistTests_createPlaylist_playlistCreated2</b><br>Test class: pageObjectsTests.PlayListTests</td>
<td></td>
<td>6</td>
<td>pageObjectsTests.PlayListTests@27d4a09</td></tr>
<tr>
<td title='pageObjectsTests.LoginToApp.loginToApp_incorrectCredentials_failedLogin4()'><b>loginToApp_incorrectCredentials_failedLogin4</b><br>Test class: pageObjectsTests.LoginToApp</td>
<td></td>
<td>3</td>
<td>pageObjectsTests.LoginToApp@6d025197</td></tr>
<tr>
<td title='pageObjectsTests.PlayListTests.playlistTests_renamePlaylist_playlistRenamed5()'><b>playlistTests_renamePlaylist_playlistRenamed5</b><br>Test class: pageObjectsTests.PlayListTests</td>
<td></td>
<td>9</td>
<td>pageObjectsTests.PlayListTests@27d4a09</td></tr>
<tr>
<td title='pageObjectsTests.LoginToApp.loginToApp_correctCredentials_successfulLogin3()'><b>loginToApp_correctCredentials_successfulLogin3</b><br>Test class: pageObjectsTests.LoginToApp</td>
<td></td>
<td>3</td>
<td>pageObjectsTests.LoginToApp@6d025197</td></tr>
<tr>
<td title='pageObjectsTests.PlayListTests.playlistTests_createPlaylist_playlistCreated()'><b>playlistTests_createPlaylist_playlistCreated</b><br>Test class: pageObjectsTests.PlayListTests</td>
<td></td>
<td>6</td>
<td>pageObjectsTests.PlayListTests@27d4a09</td></tr>
<tr>
<td title='pageObjectsTests.LoginToAppFactory.loginToApp_correctCredentials_successfulLogin()'><b>loginToApp_correctCredentials_successfulLogin</b><br>Test class: pageObjectsTests.LoginToAppFactory</td>
<td></td>
<td>4</td>
<td>pageObjectsTests.LoginToAppFactory@4b40f651</td></tr>
<tr>
<td title='pageObjectsTests.LoginToAppFactory.loginToApp_correctCredentials_successfulLogin3()'><b>loginToApp_correctCredentials_successfulLogin3</b><br>Test class: pageObjectsTests.LoginToAppFactory</td>
<td></td>
<td>4</td>
<td>pageObjectsTests.LoginToAppFactory@4b40f651</td></tr>
<tr>
<td title='pageObjectsTests.LoginToApp.loginToApp_incorrectCredentials_failedLogin3()'><b>loginToApp_incorrectCredentials_failedLogin3</b><br>Test class: pageObjectsTests.LoginToApp</td>
<td></td>
<td>10</td>
<td>pageObjectsTests.LoginToApp@6d025197</td></tr>
<tr>
<td title='pageObjectsTests.LoginToApp.loginToApp_correctCredentials_successfulLogin1()'><b>loginToApp_correctCredentials_successfulLogin1</b><br>Test class: pageObjectsTests.LoginToApp</td>
<td></td>
<td>3</td>
<td>pageObjectsTests.LoginToApp@6d025197</td></tr>
<tr>
<td title='pageObjectsTests.PlayListTests.playlistTests_createPlaylist_playlistCreated1()'><b>playlistTests_createPlaylist_playlistCreated1</b><br>Test class: pageObjectsTests.PlayListTests</td>
<td></td>
<td>10</td>
<td>pageObjectsTests.PlayListTests@27d4a09</td></tr>
<tr>
<td title='pageObjectsTests.LoginToApp.loginToApp_correctCredentials_successfulLogin2()'><b>loginToApp_correctCredentials_successfulLogin2</b><br>Test class: pageObjectsTests.LoginToApp</td>
<td></td>
<td>3</td>
<td>pageObjectsTests.LoginToApp@6d025197</td></tr>
<tr>
<td title='pageObjectsTests.LoginToApp.loginToApp_incorrectCredentials_failedLogin2()'><b>loginToApp_incorrectCredentials_failedLogin2</b><br>Test class: pageObjectsTests.LoginToApp</td>
<td></td>
<td>3</td>
<td>pageObjectsTests.LoginToApp@6d025197</td></tr>
<tr>
<td title='pageObjectsTests.PlayListTests.playlistTests_renamePlaylist_playlistRenamed2()'><b>playlistTests_renamePlaylist_playlistRenamed2</b><br>Test class: pageObjectsTests.PlayListTests</td>
<td></td>
<td>11</td>
<td>pageObjectsTests.PlayListTests@27d4a09</td></tr>
<tr>
<td title='pageObjectsTests.PlayListTests.playlistTests_renamePlaylist_playlistRenamed4()'><b>playlistTests_renamePlaylist_playlistRenamed4</b><br>Test class: pageObjectsTests.PlayListTests</td>
<td></td>
<td>9</td>
<td>pageObjectsTests.PlayListTests@27d4a09</td></tr>
<tr>
<td title='pageObjectsTests.PlayListTests.playlistTests_createPlaylist_playlistCreated4()'><b>playlistTests_createPlaylist_playlistCreated4</b><br>Test class: pageObjectsTests.PlayListTests</td>
<td></td>
<td>3</td>
<td>pageObjectsTests.PlayListTests@27d4a09</td></tr>
<tr>
<td title='pageObjectsTests.LoginToApp.flakyTest()'><b>flakyTest</b><br>Test class: pageObjectsTests.LoginToApp</td>
<td></td>
<td>0</td>
<td>pageObjectsTests.LoginToApp@6d025197</td></tr>
<tr>
<td title='pageObjectsTests.LoginToAppFactory.loginToApp_correctCredentials_successfulLogin4()'><b>loginToApp_correctCredentials_successfulLogin4</b><br>Test class: pageObjectsTests.LoginToAppFactory</td>
<td></td>
<td>2</td>
<td>pageObjectsTests.LoginToAppFactory@4b40f651</td></tr>
<tr>
<td title='pageObjectsTests.LoginToAppFactory.loginToApp_correctCredentials_successfulLogin5()'><b>loginToApp_correctCredentials_successfulLogin5</b><br>Test class: pageObjectsTests.LoginToAppFactory</td>
<td></td>
<td>2</td>
<td>pageObjectsTests.LoginToAppFactory@4b40f651</td></tr>
<tr>
<td title='pageObjectsTests.LoginToAppFactory.loginToApp_correctCredentials_successfulLogin2()'><b>loginToApp_correctCredentials_successfulLogin2</b><br>Test class: pageObjectsTests.LoginToAppFactory</td>
<td></td>
<td>3</td>
<td>pageObjectsTests.LoginToAppFactory@4b40f651</td></tr>
<tr>
<td title='pageObjectsTests.LoginToAppFactory.loginToApp_correctCredentials_successfulLogin1()'><b>loginToApp_correctCredentials_successfulLogin1</b><br>Test class: pageObjectsTests.LoginToAppFactory</td>
<td></td>
<td>4</td>
<td>pageObjectsTests.LoginToAppFactory@4b40f651</td></tr>
<tr>
<td title='pageObjectsTests.PlayListTests.playlistTests_createPlaylist_playlistCreated5()'><b>playlistTests_createPlaylist_playlistCreated5</b><br>Test class: pageObjectsTests.PlayListTests</td>
<td></td>
<td>3</td>
<td>pageObjectsTests.PlayListTests@27d4a09</td></tr>
<tr>
<td title='pageObjectsTests.LoginToApp.loginToApp_incorrectCredentials_failedLogin1()'><b>loginToApp_incorrectCredentials_failedLogin1</b><br>Test class: pageObjectsTests.LoginToApp</td>
<td></td>
<td>6</td>
<td>pageObjectsTests.LoginToApp@6d025197</td></tr>
<tr>
<td title='pageObjectsTests.LoginToApp.loginToApp_correctCredentials_successfulLogin()'><b>loginToApp_correctCredentials_successfulLogin</b><br>Test class: pageObjectsTests.LoginToApp</td>
<td></td>
<td>5</td>
<td>pageObjectsTests.LoginToApp@6d025197</td></tr>
<tr>
<td title='pageObjectsTests.LoginToAppFactory.loginToApp_incorrectCredentials_failedLogin()'><b>loginToApp_incorrectCredentials_failedLogin</b><br>Test class: pageObjectsTests.LoginToAppFactory</td>
<td></td>
<td>2</td>
<td>pageObjectsTests.LoginToAppFactory@4b40f651</td></tr>
<tr>
<td title='pageObjectsTests.PlayListTests.playlistTests_renamePlaylist_playlistRenamed1()'><b>playlistTests_renamePlaylist_playlistRenamed1</b><br>Test class: pageObjectsTests.PlayListTests</td>
<td></td>
<td>12</td>
<td>pageObjectsTests.PlayListTests@27d4a09</td></tr>
<tr>
<td title='pageObjectsTests.LoginToApp.loginToApp_incorrectCredentials_failedLogin()'><b>loginToApp_incorrectCredentials_failedLogin</b><br>Test class: pageObjectsTests.LoginToApp</td>
<td></td>
<td>6</td>
<td>pageObjectsTests.LoginToApp@6d025197</td></tr>
<tr>
<td title='pageObjectsTests.PlayListTests.playlistTests_createPlaylist_playlistCreated3()'><b>playlistTests_createPlaylist_playlistCreated3</b><br>Test class: pageObjectsTests.PlayListTests</td>
<td></td>
<td>11</td>
<td>pageObjectsTests.PlayListTests@27d4a09</td></tr>
</table><p>
<table width='100%' border='1' class='invocation-skipped'>
<tr><td colspan='4' align='center'><b>SKIPPED TESTS</b></td></tr>
<tr><td><b>Test method</b></td>
<td><b>Attribute(s)</b></td>
<td width="30%"><b>Exception</b></td>
<td width="10%"><b>Time (seconds)</b></td>
<td><b>Instance</b></td>
</tr>
<tr>
<td title='pageObjectsTests.LoginToApp.flakyTest()'><b>flakyTest</b><br>Test class: pageObjectsTests.LoginToApp</td>
<td><div><pre>java.lang.AssertionError: expected [true] but found [false]
	at pageObjectsTests.LoginToApp.flakyTest(LoginToApp.java:15)
	at java.base/java.util.concurrent.ThreadPoolExecutor.runWorker(ThreadPoolExecutor.java:1136)
	at java.base/java.util.concurrent.ThreadPoolExecutor$Worker.run(ThreadPoolExecutor.java:635)
	at java.base/java.lang.Thread.run(Thread.java:840)
... Removed 16 stack frames</pre></div><a href='#' onClick='toggleBox("stack-trace1451239304", this, "Click to show all stack frames", "Click to hide stack frames")'>Click to show all stack frames</a>
<div class='stack-trace' id='stack-trace1451239304'><pre>java.lang.AssertionError: expected [true] but found [false]
	at org.testng.Assert.fail(Assert.java:110)
	at org.testng.Assert.failNotEquals(Assert.java:1577)
	at org.testng.Assert.assertTrue(Assert.java:56)
	at org.testng.Assert.assertTrue(Assert.java:66)
	at pageObjectsTests.LoginToApp.flakyTest(LoginToApp.java:15)
	at java.base/jdk.internal.reflect.NativeMethodAccessorImpl.invoke0(Native Method)
	at java.base/jdk.internal.reflect.NativeMethodAccessorImpl.invoke(NativeMethodAccessorImpl.java:77)
	at java.base/jdk.internal.reflect.DelegatingMethodAccessorImpl.invoke(DelegatingMethodAccessorImpl.java:43)
	at java.base/java.lang.reflect.Method.invoke(Method.java:568)
	at org.testng.internal.invokers.MethodInvocationHelper.invokeMethod(MethodInvocationHelper.java:139)
	at org.testng.internal.invokers.TestInvoker.invokeMethod(TestInvoker.java:677)
	at org.testng.internal.invokers.TestInvoker.invokeTestMethod(TestInvoker.java:221)
	at org.testng.internal.invokers.MethodRunner.runInSequence(MethodRunner.java:50)
	at org.testng.internal.invokers.TestInvoker$MethodInvocationAgent.invoke(TestInvoker.java:969)
	at org.testng.internal.invokers.TestInvoker.invokeTestMethods(TestInvoker.java:194)
	at org.testng.internal.invokers.TestMethodWorker.invokeTestMethods(TestMethodWorker.java:148)
	at org.testng.internal.invokers.TestMethodWorker.run(TestMethodWorker.java:128)
	at java.base/java.util.concurrent.ThreadPoolExecutor.runWorker(ThreadPoolExecutor.java:1136)
	at java.base/java.util.concurrent.ThreadPoolExecutor$Worker.run(ThreadPoolExecutor.java:635)
	at java.base/java.lang.Thread.run(Thread.java:840)
</pre></div></td>
<td>0</td>
<td>pageObjectsTests.LoginToApp@6d025197</td></tr>
<tr>
<td title='pageObjectsTests.LoginToApp.flakyTest()'><b>flakyTest</b><br>Test class: pageObjectsTests.LoginToApp</td>
<td><div><pre>java.lang.AssertionError: expected [true] but found [false]
	at pageObjectsTests.LoginToApp.flakyTest(LoginToApp.java:15)
	at java.base/java.util.concurrent.ThreadPoolExecutor.runWorker(ThreadPoolExecutor.java:1136)
	at java.base/java.util.concurrent.ThreadPoolExecutor$Worker.run(ThreadPoolExecutor.java:635)
	at java.base/java.lang.Thread.run(Thread.java:840)
... Removed 16 stack frames</pre></div><a href='#' onClick='toggleBox("stack-trace354872957", this, "Click to show all stack frames", "Click to hide stack frames")'>Click to show all stack frames</a>
<div class='stack-trace' id='stack-trace354872957'><pre>java.lang.AssertionError: expected [true] but found [false]
	at org.testng.Assert.fail(Assert.java:110)
	at org.testng.Assert.failNotEquals(Assert.java:1577)
	at org.testng.Assert.assertTrue(Assert.java:56)
	at org.testng.Assert.assertTrue(Assert.java:66)
	at pageObjectsTests.LoginToApp.flakyTest(LoginToApp.java:15)
	at java.base/jdk.internal.reflect.NativeMethodAccessorImpl.invoke0(Native Method)
	at java.base/jdk.internal.reflect.NativeMethodAccessorImpl.invoke(NativeMethodAccessorImpl.java:77)
	at java.base/jdk.internal.reflect.DelegatingMethodAccessorImpl.invoke(DelegatingMethodAccessorImpl.java:43)
	at java.base/java.lang.reflect.Method.invoke(Method.java:568)
	at org.testng.internal.invokers.MethodInvocationHelper.invokeMethod(MethodInvocationHelper.java:139)
	at org.testng.internal.invokers.TestInvoker.invokeMethod(TestInvoker.java:677)
	at org.testng.internal.invokers.TestInvoker.retryFailed(TestInvoker.java:263)
	at org.testng.internal.invokers.MethodRunner.runInSequence(MethodRunner.java:62)
	at org.testng.internal.invokers.TestInvoker$MethodInvocationAgent.invoke(TestInvoker.java:969)
	at org.testng.internal.invokers.TestInvoker.invokeTestMethods(TestInvoker.java:194)
	at org.testng.internal.invokers.TestMethodWorker.invokeTestMethods(TestMethodWorker.java:148)
	at org.testng.internal.invokers.TestMethodWorker.run(TestMethodWorker.java:128)
	at java.base/java.util.concurrent.ThreadPoolExecutor.runWorker(ThreadPoolExecutor.java:1136)
	at java.base/java.util.concurrent.ThreadPoolExecutor$Worker.run(ThreadPoolExecutor.java:635)
	at java.base/java.lang.Thread.run(Thread.java:840)
</pre></div></td>
<td>0</td>
<td>pageObjectsTests.LoginToApp@6d025197</td></tr>
<tr>
<td title='pageObjectsTests.LoginToApp.flakyTest()'><b>flakyTest</b><br>Test class: pageObjectsTests.LoginToApp</td>
<td><div><pre>java.lang.AssertionError: expected [true] but found [false]
	at pageObjectsTests.LoginToApp.flakyTest(LoginToApp.java:15)
	at java.base/java.util.concurrent.ThreadPoolExecutor.runWorker(ThreadPoolExecutor.java:1136)
	at java.base/java.util.concurrent.ThreadPoolExecutor$Worker.run(ThreadPoolExecutor.java:635)
	at java.base/java.lang.Thread.run(Thread.java:840)
... Removed 16 stack frames</pre></div><a href='#' onClick='toggleBox("stack-trace435184318", this, "Click to show all stack frames", "Click to hide stack frames")'>Click to show all stack frames</a>
<div class='stack-trace' id='stack-trace435184318'><pre>java.lang.AssertionError: expected [true] but found [false]
	at org.testng.Assert.fail(Assert.java:110)
	at org.testng.Assert.failNotEquals(Assert.java:1577)
	at org.testng.Assert.assertTrue(Assert.java:56)
	at org.testng.Assert.assertTrue(Assert.java:66)
	at pageObjectsTests.LoginToApp.flakyTest(LoginToApp.java:15)
	at java.base/jdk.internal.reflect.NativeMethodAccessorImpl.invoke0(Native Method)
	at java.base/jdk.internal.reflect.NativeMethodAccessorImpl.invoke(NativeMethodAccessorImpl.java:77)
	at java.base/jdk.internal.reflect.DelegatingMethodAccessorImpl.invoke(DelegatingMethodAccessorImpl.java:43)
	at java.base/java.lang.reflect.Method.invoke(Method.java:568)
	at org.testng.internal.invokers.MethodInvocationHelper.invokeMethod(MethodInvocationHelper.java:139)
	at org.testng.internal.invokers.TestInvoker.invokeMethod(TestInvoker.java:677)
	at org.testng.internal.invokers.TestInvoker.retryFailed(TestInvoker.java:263)
	at org.testng.internal.invokers.MethodRunner.runInSequence(MethodRunner.java:62)
	at org.testng.internal.invokers.TestInvoker$MethodInvocationAgent.invoke(TestInvoker.java:969)
	at org.testng.internal.invokers.TestInvoker.invokeTestMethods(TestInvoker.java:194)
	at org.testng.internal.invokers.TestMethodWorker.invokeTestMethods(TestMethodWorker.java:148)
	at org.testng.internal.invokers.TestMethodWorker.run(TestMethodWorker.java:128)
	at java.base/java.util.concurrent.ThreadPoolExecutor.runWorker(ThreadPoolExecutor.java:1136)
	at java.base/java.util.concurrent.ThreadPoolExecutor$Worker.run(ThreadPoolExecutor.java:635)
	at java.base/java.lang.Thread.run(Thread.java:840)
</pre></div></td>
<td>0</td>
<td>pageObjectsTests.LoginToApp@6d025197</td></tr>
</table><p>
</body>
</html>