<?xml version="1.0" encoding="UTF-8"?>
<!-- Generated by org.testng.reporters.JUnitXMLReporter -->
<testsuite ignored="5" hostname="LAPTOP-O5N2FL09" failures="1" tests="35" name="Main tests" time="188.133" errors="0" timestamp="2023-11-24T23:10:31 EST">
  <testcase classname="pageObjectsTests.LoginToApp" name="flakyTest" time="0.02">
    <skipped/>
  </testcase> <!-- flakyTest -->
  <testcase classname="pageObjectsTests.LoginToApp" name="flakyTest" time="0.001">
    <skipped/>
  </testcase> <!-- flakyTest -->
  <testcase classname="pageObjectsTests.LoginToAppFactory" name="loginToApp_correctCredentials_successfulLogin" time="4.696"/>
  <testcase classname="pageObjectsTests.PlayListTests" name="playlistTests_createPlaylist_playlistCreated" time="6.513"/>
  <testcase classname="pageObjectsTests.LoginToApp" name="flakyTest" time="0.001">
    <skipped/>
  </testcase> <!-- flakyTest -->
  <testcase classname="pageObjectsTests.LoginToAppFactory" name="loginToApp_incorrectCredentials_failedLogin" time="2.507"/>
  <testcase classname="pageObjectsTests.LoginToApp" name="flakyTest" time="0.001"/>
  <testcase classname="pageObjectsTests.LoginToAppFactory" name="loginToApp_correctCredentials_successfulLogin1" time="4.28"/>
  <testcase classname="pageObjectsTests.LoginToApp" name="loginToApp_correctCredentials_successfulLogin" time="5.489"/>
  <testcase classname="pageObjectsTests.PlayListTests" name="playlistTests_renamePlaylist_playlistRenamed" time="13.55">
    <failure type="org.openqa.selenium.TimeoutException" message="Expected condition failed: waiting for element to be clickable: By.xpath: //*[@title=&amp;apos;Create a new playlist&amp;apos;] (tried for 10 second(s) with 200 milliseconds interval)
Build info: version: &amp;apos;4.9.1&amp;apos;, revision: &amp;apos;eb2032df7f&amp;apos;
System info: os.name: &amp;apos;Windows 10&amp;apos;, os.arch: &amp;apos;amd64&amp;apos;, os.version: &amp;apos;10.0&amp;apos;, java.version: &amp;apos;17.0.9&amp;apos;
Driver info: org.openqa.selenium.chrome.ChromeDriver
Capabilities {acceptInsecureCerts: false, browserName: chrome, browserVersion: 119.0.6045.160, chrome: {chromedriverVersion: 119.0.6045.105 (38c72552c5e..., userDataDir: C:\Users\acade\AppData\Loca...}, fedcm:accounts: true, goog:chromeOptions: {debuggerAddress: localhost:50398}, networkConnectionEnabled: false, pageLoadStrategy: normal, platformName: windows, proxy: Proxy(), se:cdp: ws://localhost:50398/devtoo..., se:cdpVersion: 119.0.6045.160, setWindowRect: true, strictFileInteractability: false, timeouts: {implicit: 0, pageLoad: 300000, script: 30000}, unhandledPromptBehavior: dismiss and notify, webauthn:extension:credBlob: true, webauthn:extension:largeBlob: true, webauthn:extension:minPinLength: true, webauthn:extension:prf: true, webauthn:virtualAuthenticators: true}
Session ID: 4af8378484dedaba6ad605163df1e7ac">
      <![CDATA[org.openqa.selenium.TimeoutException: Expected condition failed: waiting for element to be clickable: By.xpath: //*[@title='Create a new playlist'] (tried for 10 second(s) with 200 milliseconds interval)
Build info: version: '4.9.1', revision: 'eb2032df7f'
System info: os.name: 'Windows 10', os.arch: 'amd64', os.version: '10.0', java.version: '17.0.9'
Driver info: org.openqa.selenium.chrome.ChromeDriver
Capabilities {acceptInsecureCerts: false, browserName: chrome, browserVersion: 119.0.6045.160, chrome: {chromedriverVersion: 119.0.6045.105 (38c72552c5e..., userDataDir: C:\Users\acade\AppData\Loca...}, fedcm:accounts: true, goog:chromeOptions: {debuggerAddress: localhost:50398}, networkConnectionEnabled: false, pageLoadStrategy: normal, platformName: windows, proxy: Proxy(), se:cdp: ws://localhost:50398/devtoo..., se:cdpVersion: 119.0.6045.160, setWindowRect: true, strictFileInteractability: false, timeouts: {implicit: 0, pageLoad: 300000, script: 30000}, unhandledPromptBehavior: dismiss and notify, webauthn:extension:credBlob: true, webauthn:extension:largeBlob: true, webauthn:extension:minPinLength: true, webauthn:extension:prf: true, webauthn:virtualAuthenticators: true}
Session ID: 4af8378484dedaba6ad605163df1e7ac
at org.openqa.selenium.support.ui.WebDriverWait.timeoutException(WebDriverWait.java:87)
at org.openqa.selenium.support.ui.FluentWait.until(FluentWait.java:231)
at pageObjects.MainPage.getPlusButton(MainPage.java:20)
at pageObjects.MainPage.createPlaylist(MainPage.java:49)
at pageObjectsTests.PlayListTests.playlistTests_renamePlaylist_playlistRenamed(PlayListTests.java:38)
at java.base/java.util.concurrent.ThreadPoolExecutor.runWorker(ThreadPoolExecutor.java:1136)
at java.base/java.util.concurrent.ThreadPoolExecutor$Worker.run(ThreadPoolExecutor.java:635)
at java.base/java.lang.Thread.run(Thread.java:840)
... Removed 12 stack frames]]>
    </failure>
  </testcase> <!-- playlistTests_renamePlaylist_playlistRenamed -->
  <testcase classname="pageObjectsTests.LoginToAppFactory" name="loginToApp_correctCredentials_successfulLogin2" time="3.785"/>
  <testcase classname="pageObjectsTests.LoginToApp" name="loginToApp_incorrectCredentials_failedLogin" time="6.403"/>
  <testcase classname="pageObjectsTests.LoginToAppFactory" name="loginToApp_correctCredentials_successfulLogin3" time="4.241"/>
  <testcase classname="pageObjectsTests.PlayListTests" name="playlistTests_createPlaylist_playlistCreated1" time="10.295"/>
  <testcase classname="pageObjectsTests.LoginToApp" name="loginToApp_correctCredentials_successfulLogin1" time="3.124"/>
  <testcase classname="pageObjectsTests.LoginToAppFactory" name="loginToApp_correctCredentials_successfulLogin4" time="2.829"/>
  <testcase classname="pageObjectsTests.LoginToApp" name="loginToApp_incorrectCredentials_failedLogin1" time="6.508"/>
  <testcase classname="pageObjectsTests.LoginToAppFactory" name="loginToApp_correctCredentials_successfulLogin5" time="2.84"/>
  <testcase classname="pageObjectsTests.PlayListTests" name="playlistTests_renamePlaylist_playlistRenamed1" time="12.558"/>
  <testcase classname="pageObjectsTests.LoginToApp" name="loginToApp_correctCredentials_successfulLogin2" time="3.989"/>
  <testcase classname="pageObjectsTests.PlayListTests" name="playlistTests_createPlaylist_playlistCreated2" time="6.551"/>
  <testcase classname="pageObjectsTests.LoginToApp" name="loginToApp_incorrectCredentials_failedLogin2" time="3.052"/>
  <testcase classname="pageObjectsTests.LoginToApp" name="loginToApp_correctCredentials_successfulLogin3" time="3.072"/>
  <testcase classname="pageObjectsTests.PlayListTests" name="playlistTests_renamePlaylist_playlistRenamed2" time="11.827"/>
  <testcase classname="pageObjectsTests.LoginToApp" name="loginToApp_incorrectCredentials_failedLogin3" time="10.23"/>
  <testcase classname="pageObjectsTests.LoginToApp" name="loginToApp_correctCredentials_successfulLogin4" time="4.277"/>
  <testcase classname="pageObjectsTests.PlayListTests" name="playlistTests_createPlaylist_playlistCreated3" time="11.514"/>
  <testcase classname="pageObjectsTests.LoginToApp" name="loginToApp_incorrectCredentials_failedLogin4" time="3.14"/>
  <testcase classname="pageObjectsTests.LoginToApp" name="loginToApp_correctCredentials_successfulLogin5" time="2.733"/>
  <testcase classname="pageObjectsTests.PlayListTests" name="playlistTests_renamePlaylist_playlistRenamed3" time="11.44"/>
  <testcase classname="pageObjectsTests.LoginToApp" name="loginToApp_incorrectCredentials_failedLogin5" time="2.186"/>
  <testcase classname="pageObjectsTests.PlayListTests" name="playlistTests_createPlaylist_playlistCreated4" time="3.631"/>
  <testcase classname="pageObjectsTests.PlayListTests" name="playlistTests_renamePlaylist_playlistRenamed4" time="9.089"/>
  <testcase classname="pageObjectsTests.PlayListTests" name="playlistTests_createPlaylist_playlistCreated5" time="3.452"/>
  <testcase classname="pageObjectsTests.PlayListTests" name="playlistTests_renamePlaylist_playlistRenamed5" time="9.067"/>
  <testcase classname="pageObjectsTests.LoginToAppFactory" name="loginToApp_incorrectCredentials_successfulLogin4" time="0.0">
    <ignored/>
  </testcase> <!-- loginToApp_incorrectCredentials_successfulLogin4 -->
  <testcase classname="pageObjectsTests.LoginToAppFactory" name="loginToApp_incorrectCredentials_successfulLogin3" time="0.0">
    <ignored/>
  </testcase> <!-- loginToApp_incorrectCredentials_successfulLogin3 -->
  <testcase classname="pageObjectsTests.LoginToAppFactory" name="loginToApp_incorrectCredentials_successfulLogin2" time="0.0">
    <ignored/>
  </testcase> <!-- loginToApp_incorrectCredentials_successfulLogin2 -->
  <testcase classname="pageObjectsTests.LoginToAppFactory" name="loginToApp_incorrectCredentials_successfulLogin5" time="0.0">
    <ignored/>
  </testcase> <!-- loginToApp_incorrectCredentials_successfulLogin5 -->
  <testcase classname="pageObjectsTests.LoginToAppFactory" name="loginToApp_incorrectCredentials_successfulLogin1" time="0.0">
    <ignored/>
  </testcase> <!-- loginToApp_incorrectCredentials_successfulLogin1 -->
</testsuite> <!-- Main tests -->
