<?xml version="1.0" encoding="UTF-8"?>
<testng-results retried="3" ignored="5" total="40" passed="31" failed="1" skipped="0">
  <reporter-output>
  </reporter-output>
  <suite started-at="2023-11-24T23:07:23 EST" name="Master Suite" finished-at="2023-11-24T23:10:31 EST" duration-ms="188133">
    <groups>
    </groups>
    <test started-at="2023-11-24T23:07:23 EST" name="Main tests" finished-at="2023-11-24T23:10:31 EST" duration-ms="188133">
      <class name="pageObjectsTests.PlayListTests">
        <test-method is-config="true" signature="starUp(java.lang.String,java.lang.String,java.lang.String,java.lang.String)[pri:0, instance:pageObjectsTests.PlayListTests@27d4a09]" started-at="2023-11-24T23:07:23 EST" name="starUp" finished-at="2023-11-24T23:07:30 EST" duration-ms="6483" status="PASS">
          <params>
            <param index="0">
              <value>
                <![CDATA[academic198405@gmail.com]]>
              </value>
            </param>
            <param index="1">
              <value>
                <![CDATA[te$t$tudent]]>
              </value>
            </param>
            <param index="2">
              <value>
                <![CDATA[te$s$tudent9]]>
              </value>
            </param>
            <param index="3">
              <value>
                <![CDATA[chrome]]>
              </value>
            </param>
          </params>
          <reporter-output>
          </reporter-output>
        </test-method> <!-- starUp -->
        <test-method signature="playlistTests_createPlaylist_playlistCreated()[pri:0, instance:pageObjectsTests.PlayListTests@27d4a09]" started-at="2023-11-24T23:07:30 EST" name="playlistTests_createPlaylist_playlistCreated" finished-at="2023-11-24T23:07:36 EST" duration-ms="6513" status="PASS">
          <reporter-output>
          </reporter-output>
        </test-method> <!-- playlistTests_createPlaylist_playlistCreated -->
        <test-method is-config="true" signature="tearDown(org.testng.ITestResult)[pri:0, instance:pageObjectsTests.PlayListTests@27d4a09]" started-at="2023-11-24T23:07:36 EST" name="tearDown" finished-at="2023-11-24T23:07:39 EST" duration-ms="3164" status="PASS">
          <params>
            <param index="0">
              <value>
                <![CDATA[[TestResult name=playlistTests_createPlaylist_playlistCreated status=SUCCESS method=PlayListTests.playlistTests_createPlaylist_playlistCreated()[pri:0, instance:pageObjectsTests.PlayListTests@27d4a09] output={null}]]]>
              </value>
            </param>
          </params>
          <reporter-output>
          </reporter-output>
        </test-method> <!-- tearDown -->
        <test-method is-config="true" signature="starUp(java.lang.String,java.lang.String,java.lang.String,java.lang.String)[pri:0, instance:pageObjectsTests.PlayListTests@27d4a09]" started-at="2023-11-24T23:07:39 EST" name="starUp" finished-at="2023-11-24T23:07:40 EST" duration-ms="881" status="PASS">
          <params>
            <param index="0">
              <value>
                <![CDATA[academic198405@gmail.com]]>
              </value>
            </param>
            <param index="1">
              <value>
                <![CDATA[te$t$tudent]]>
              </value>
            </param>
            <param index="2">
              <value>
                <![CDATA[te$s$tudent9]]>
              </value>
            </param>
            <param index="3">
              <value>
                <![CDATA[chrome]]>
              </value>
            </param>
          </params>
          <reporter-output>
          </reporter-output>
        </test-method> <!-- starUp -->
        <test-method signature="playlistTests_renamePlaylist_playlistRenamed()[pri:0, instance:pageObjectsTests.PlayListTests@27d4a09]" started-at="2023-11-24T23:07:40 EST" name="playlistTests_renamePlaylist_playlistRenamed" finished-at="2023-11-24T23:07:54 EST" duration-ms="13550" status="FAIL">
          <exception class="org.openqa.selenium.TimeoutException">
            <message>
              <![CDATA[Expected condition failed: waiting for element to be clickable: By.xpath: //*[@title='Create a new playlist'] (tried for 10 second(s) with 200 milliseconds interval)
Build info: version: '4.9.1', revision: 'eb2032df7f'
System info: os.name: 'Windows 10', os.arch: 'amd64', os.version: '10.0', java.version: '17.0.9'
Driver info: org.openqa.selenium.chrome.ChromeDriver
Capabilities {acceptInsecureCerts: false, browserName: chrome, browserVersion: 119.0.6045.160, chrome: {chromedriverVersion: 119.0.6045.105 (38c72552c5e..., userDataDir: C:\Users\acade\AppData\Loca...}, fedcm:accounts: true, goog:chromeOptions: {debuggerAddress: localhost:50398}, networkConnectionEnabled: false, pageLoadStrategy: normal, platformName: windows, proxy: Proxy(), se:cdp: ws://localhost:50398/devtoo..., se:cdpVersion: 119.0.6045.160, setWindowRect: true, strictFileInteractability: false, timeouts: {implicit: 0, pageLoad: 300000, script: 30000}, unhandledPromptBehavior: dismiss and notify, webauthn:extension:credBlob: true, webauthn:extension:largeBlob: true, webauthn:extension:minPinLength: true, webauthn:extension:prf: true, webauthn:virtualAuthenticators: true}
Session ID: 4af8378484dedaba6ad605163df1e7ac]]>
            </message>
            <full-stacktrace>
              <![CDATA[org.openqa.selenium.TimeoutException: Expected condition failed: waiting for element to be clickable: By.xpath: //*[@title='Create a new playlist'] (tried for 10 second(s) with 200 milliseconds interval)
Build info: version: '4.9.1', revision: 'eb2032df7f'
System info: os.name: 'Windows 10', os.arch: 'amd64', os.version: '10.0', java.version: '17.0.9'
Driver info: org.openqa.selenium.chrome.ChromeDriver
Capabilities {acceptInsecureCerts: false, browserName: chrome, browserVersion: 119.0.6045.160, chrome: {chromedriverVersion: 119.0.6045.105 (38c72552c5e..., userDataDir: C:\Users\acade\AppData\Loca...}, fedcm:accounts: true, goog:chromeOptions: {debuggerAddress: localhost:50398}, networkConnectionEnabled: false, pageLoadStrategy: normal, platformName: windows, proxy: Proxy(), se:cdp: ws://localhost:50398/devtoo..., se:cdpVersion: 119.0.6045.160, setWindowRect: true, strictFileInteractability: false, timeouts: {implicit: 0, pageLoad: 300000, script: 30000}, unhandledPromptBehavior: dismiss and notify, webauthn:extension:credBlob: true, webauthn:extension:largeBlob: true, webauthn:extension:minPinLength: true, webauthn:extension:prf: true, webauthn:virtualAuthenticators: true}
Session ID: 4af8378484dedaba6ad605163df1e7ac
at org.openqa.selenium.support.ui.WebDriverWait.timeoutException(WebDriverWait.java:87)
at org.openqa.selenium.support.ui.FluentWait.until(FluentWait.java:231)
at pageObjects.MainPage.getPlusButton(MainPage.java:20)
at pageObjects.MainPage.createPlaylist(MainPage.java:49)
at pageObjectsTests.PlayListTests.playlistTests_renamePlaylist_playlistRenamed(PlayListTests.java:38)
at java.base/jdk.internal.reflect.NativeMethodAccessorImpl.invoke0(Native Method)
at java.base/jdk.internal.reflect.NativeMethodAccessorImpl.invoke(NativeMethodAccessorImpl.java:77)
at java.base/jdk.internal.reflect.DelegatingMethodAccessorImpl.invoke(DelegatingMethodAccessorImpl.java:43)
at java.base/java.lang.reflect.Method.invoke(Method.java:568)
at org.testng.internal.invokers.MethodInvocationHelper.invokeMethod(MethodInvocationHelper.java:139)
at org.testng.internal.invokers.TestInvoker.invokeMethod(TestInvoker.java:677)
at org.testng.internal.invokers.TestInvoker.invokeTestMethod(TestInvoker.java:221)
at org.testng.internal.invokers.MethodRunner.runInSequence(MethodRunner.java:50)
at org.testng.internal.invokers.TestInvoker$MethodInvocationAgent.invoke(TestInvoker.java:969)
at org.testng.internal.invokers.TestInvoker.invokeTestMethods(TestInvoker.java:194)
at org.testng.internal.invokers.TestMethodWorker.invokeTestMethods(TestMethodWorker.java:148)
at org.testng.internal.invokers.TestMethodWorker.run(TestMethodWorker.java:128)
at java.base/java.util.concurrent.ThreadPoolExecutor.runWorker(ThreadPoolExecutor.java:1136)
at java.base/java.util.concurrent.ThreadPoolExecutor$Worker.run(ThreadPoolExecutor.java:635)
at java.base/java.lang.Thread.run(Thread.java:840)
]]>
            </full-stacktrace>
          </exception> <!-- org.openqa.selenium.TimeoutException -->
          <reporter-output>
          </reporter-output>
        </test-method> <!-- playlistTests_renamePlaylist_playlistRenamed -->
        <test-method is-config="true" signature="tearDown(org.testng.ITestResult)[pri:0, instance:pageObjectsTests.PlayListTests@27d4a09]" started-at="2023-11-24T23:07:54 EST" name="tearDown" finished-at="2023-11-24T23:08:05 EST" duration-ms="11599" status="PASS">
          <params>
            <param index="0">
              <value>
                <![CDATA[[TestResult name=playlistTests_renamePlaylist_playlistRenamed status=FAILURE method=PlayListTests.playlistTests_renamePlaylist_playlistRenamed()[pri:0, instance:pageObjectsTests.PlayListTests@27d4a09] output={null}]]]>
              </value>
            </param>
          </params>
          <reporter-output>
          </reporter-output>
        </test-method> <!-- tearDown -->
        <test-method is-config="true" signature="starUp(java.lang.String,java.lang.String,java.lang.String,java.lang.String)[pri:0, instance:pageObjectsTests.PlayListTests@27d4a09]" started-at="2023-11-24T23:08:05 EST" name="starUp" finished-at="2023-11-24T23:08:07 EST" duration-ms="1633" status="PASS">
          <params>
            <param index="0">
              <value>
                <![CDATA[academic198405@gmail.com]]>
              </value>
            </param>
            <param index="1">
              <value>
                <![CDATA[te$t$tudent]]>
              </value>
            </param>
            <param index="2">
              <value>
                <![CDATA[te$s$tudent9]]>
              </value>
            </param>
            <param index="3">
              <value>
                <![CDATA[chrome]]>
              </value>
            </param>
          </params>
          <reporter-output>
          </reporter-output>
        </test-method> <!-- starUp -->
        <test-method signature="playlistTests_createPlaylist_playlistCreated1()[pri:0, instance:pageObjectsTests.PlayListTests@27d4a09]" started-at="2023-11-24T23:08:07 EST" name="playlistTests_createPlaylist_playlistCreated1" finished-at="2023-11-24T23:08:17 EST" duration-ms="10295" status="PASS">
          <reporter-output>
          </reporter-output>
        </test-method> <!-- playlistTests_createPlaylist_playlistCreated1 -->
        <test-method is-config="true" signature="tearDown(org.testng.ITestResult)[pri:0, instance:pageObjectsTests.PlayListTests@27d4a09]" started-at="2023-11-24T23:08:17 EST" name="tearDown" finished-at="2023-11-24T23:08:22 EST" duration-ms="4574" status="PASS">
          <params>
            <param index="0">
              <value>
                <![CDATA[[TestResult name=playlistTests_createPlaylist_playlistCreated1 status=SUCCESS method=PlayListTests.playlistTests_createPlaylist_playlistCreated1()[pri:0, instance:pageObjectsTests.PlayListTests@27d4a09] output={null}]]]>
              </value>
            </param>
          </params>
          <reporter-output>
          </reporter-output>
        </test-method> <!-- tearDown -->
        <test-method is-config="true" signature="starUp(java.lang.String,java.lang.String,java.lang.String,java.lang.String)[pri:0, instance:pageObjectsTests.PlayListTests@27d4a09]" started-at="2023-11-24T23:08:22 EST" name="starUp" finished-at="2023-11-24T23:08:23 EST" duration-ms="1310" status="PASS">
          <params>
            <param index="0">
              <value>
                <![CDATA[academic198405@gmail.com]]>
              </value>
            </param>
            <param index="1">
              <value>
                <![CDATA[te$t$tudent]]>
              </value>
            </param>
            <param index="2">
              <value>
                <![CDATA[te$s$tudent9]]>
              </value>
            </param>
            <param index="3">
              <value>
                <![CDATA[chrome]]>
              </value>
            </param>
          </params>
          <reporter-output>
          </reporter-output>
        </test-method> <!-- starUp -->
        <test-method signature="playlistTests_renamePlaylist_playlistRenamed1()[pri:0, instance:pageObjectsTests.PlayListTests@27d4a09]" started-at="2023-11-24T23:08:23 EST" name="playlistTests_renamePlaylist_playlistRenamed1" finished-at="2023-11-24T23:08:36 EST" duration-ms="12558" status="PASS">
          <reporter-output>
          </reporter-output>
        </test-method> <!-- playlistTests_renamePlaylist_playlistRenamed1 -->
        <test-method is-config="true" signature="tearDown(org.testng.ITestResult)[pri:0, instance:pageObjectsTests.PlayListTests@27d4a09]" started-at="2023-11-24T23:08:36 EST" name="tearDown" finished-at="2023-11-24T23:08:40 EST" duration-ms="4369" status="PASS">
          <params>
            <param index="0">
              <value>
                <![CDATA[[TestResult name=playlistTests_renamePlaylist_playlistRenamed1 status=SUCCESS method=PlayListTests.playlistTests_renamePlaylist_playlistRenamed1()[pri:0, instance:pageObjectsTests.PlayListTests@27d4a09] output={null}]]]>
              </value>
            </param>
          </params>
          <reporter-output>
          </reporter-output>
        </test-method> <!-- tearDown -->
        <test-method is-config="true" signature="starUp(java.lang.String,java.lang.String,java.lang.String,java.lang.String)[pri:0, instance:pageObjectsTests.PlayListTests@27d4a09]" started-at="2023-11-24T23:08:40 EST" name="starUp" finished-at="2023-11-24T23:08:42 EST" duration-ms="1798" status="PASS">
          <params>
            <param index="0">
              <value>
                <![CDATA[academic198405@gmail.com]]>
              </value>
            </param>
            <param index="1">
              <value>
                <![CDATA[te$t$tudent]]>
              </value>
            </param>
            <param index="2">
              <value>
                <![CDATA[te$s$tudent9]]>
              </value>
            </param>
            <param index="3">
              <value>
                <![CDATA[chrome]]>
              </value>
            </param>
          </params>
          <reporter-output>
          </reporter-output>
        </test-method> <!-- starUp -->
        <test-method signature="playlistTests_createPlaylist_playlistCreated2()[pri:0, instance:pageObjectsTests.PlayListTests@27d4a09]" started-at="2023-11-24T23:08:42 EST" name="playlistTests_createPlaylist_playlistCreated2" finished-at="2023-11-24T23:08:49 EST" duration-ms="6551" status="PASS">
          <reporter-output>
          </reporter-output>
        </test-method> <!-- playlistTests_createPlaylist_playlistCreated2 -->
        <test-method is-config="true" signature="tearDown(org.testng.ITestResult)[pri:0, instance:pageObjectsTests.PlayListTests@27d4a09]" started-at="2023-11-24T23:08:49 EST" name="tearDown" finished-at="2023-11-24T23:08:53 EST" duration-ms="4233" status="PASS">
          <params>
            <param index="0">
              <value>
                <![CDATA[[TestResult name=playlistTests_createPlaylist_playlistCreated2 status=SUCCESS method=PlayListTests.playlistTests_createPlaylist_playlistCreated2()[pri:0, instance:pageObjectsTests.PlayListTests@27d4a09] output={null}]]]>
              </value>
            </param>
          </params>
          <reporter-output>
          </reporter-output>
        </test-method> <!-- tearDown -->
        <test-method is-config="true" signature="starUp(java.lang.String,java.lang.String,java.lang.String,java.lang.String)[pri:0, instance:pageObjectsTests.PlayListTests@27d4a09]" started-at="2023-11-24T23:08:53 EST" name="starUp" finished-at="2023-11-24T23:08:54 EST" duration-ms="1237" status="PASS">
          <params>
            <param index="0">
              <value>
                <![CDATA[academic198405@gmail.com]]>
              </value>
            </param>
            <param index="1">
              <value>
                <![CDATA[te$t$tudent]]>
              </value>
            </param>
            <param index="2">
              <value>
                <![CDATA[te$s$tudent9]]>
              </value>
            </param>
            <param index="3">
              <value>
                <![CDATA[chrome]]>
              </value>
            </param>
          </params>
          <reporter-output>
          </reporter-output>
        </test-method> <!-- starUp -->
        <test-method signature="playlistTests_renamePlaylist_playlistRenamed2()[pri:0, instance:pageObjectsTests.PlayListTests@27d4a09]" started-at="2023-11-24T23:08:54 EST" name="playlistTests_renamePlaylist_playlistRenamed2" finished-at="2023-11-24T23:09:06 EST" duration-ms="11827" status="PASS">
          <reporter-output>
          </reporter-output>
        </test-method> <!-- playlistTests_renamePlaylist_playlistRenamed2 -->
        <test-method is-config="true" signature="tearDown(org.testng.ITestResult)[pri:0, instance:pageObjectsTests.PlayListTests@27d4a09]" started-at="2023-11-24T23:09:06 EST" name="tearDown" finished-at="2023-11-24T23:09:17 EST" duration-ms="11543" status="PASS">
          <params>
            <param index="0">
              <value>
                <![CDATA[[TestResult name=playlistTests_renamePlaylist_playlistRenamed2 status=SUCCESS method=PlayListTests.playlistTests_renamePlaylist_playlistRenamed2()[pri:0, instance:pageObjectsTests.PlayListTests@27d4a09] output={null}]]]>
              </value>
            </param>
          </params>
          <reporter-output>
          </reporter-output>
        </test-method> <!-- tearDown -->
        <test-method is-config="true" signature="starUp(java.lang.String,java.lang.String,java.lang.String,java.lang.String)[pri:0, instance:pageObjectsTests.PlayListTests@27d4a09]" started-at="2023-11-24T23:09:17 EST" name="starUp" finished-at="2023-11-24T23:09:19 EST" duration-ms="1420" status="PASS">
          <params>
            <param index="0">
              <value>
                <![CDATA[academic198405@gmail.com]]>
              </value>
            </param>
            <param index="1">
              <value>
                <![CDATA[te$t$tudent]]>
              </value>
            </param>
            <param index="2">
              <value>
                <![CDATA[te$s$tudent9]]>
              </value>
            </param>
            <param index="3">
              <value>
                <![CDATA[chrome]]>
              </value>
            </param>
          </params>
          <reporter-output>
          </reporter-output>
        </test-method> <!-- starUp -->
        <test-method signature="playlistTests_createPlaylist_playlistCreated3()[pri:0, instance:pageObjectsTests.PlayListTests@27d4a09]" started-at="2023-11-24T23:09:19 EST" name="playlistTests_createPlaylist_playlistCreated3" finished-at="2023-11-24T23:09:30 EST" duration-ms="11514" status="PASS">
          <reporter-output>
          </reporter-output>
        </test-method> <!-- playlistTests_createPlaylist_playlistCreated3 -->
        <test-method is-config="true" signature="tearDown(org.testng.ITestResult)[pri:0, instance:pageObjectsTests.PlayListTests@27d4a09]" started-at="2023-11-24T23:09:30 EST" name="tearDown" finished-at="2023-11-24T23:09:34 EST" duration-ms="3319" status="PASS">
          <params>
            <param index="0">
              <value>
                <![CDATA[[TestResult name=playlistTests_createPlaylist_playlistCreated3 status=SUCCESS method=PlayListTests.playlistTests_createPlaylist_playlistCreated3()[pri:0, instance:pageObjectsTests.PlayListTests@27d4a09] output={null}]]]>
              </value>
            </param>
          </params>
          <reporter-output>
          </reporter-output>
        </test-method> <!-- tearDown -->
        <test-method is-config="true" signature="starUp(java.lang.String,java.lang.String,java.lang.String,java.lang.String)[pri:0, instance:pageObjectsTests.PlayListTests@27d4a09]" started-at="2023-11-24T23:09:34 EST" name="starUp" finished-at="2023-11-24T23:09:35 EST" duration-ms="1685" status="PASS">
          <params>
            <param index="0">
              <value>
                <![CDATA[academic198405@gmail.com]]>
              </value>
            </param>
            <param index="1">
              <value>
                <![CDATA[te$t$tudent]]>
              </value>
            </param>
            <param index="2">
              <value>
                <![CDATA[te$s$tudent9]]>
              </value>
            </param>
            <param index="3">
              <value>
                <![CDATA[chrome]]>
              </value>
            </param>
          </params>
          <reporter-output>
          </reporter-output>
        </test-method> <!-- starUp -->
        <test-method signature="playlistTests_renamePlaylist_playlistRenamed3()[pri:0, instance:pageObjectsTests.PlayListTests@27d4a09]" started-at="2023-11-24T23:09:35 EST" name="playlistTests_renamePlaylist_playlistRenamed3" finished-at="2023-11-24T23:09:47 EST" duration-ms="11440" status="PASS">
          <reporter-output>
          </reporter-output>
        </test-method> <!-- playlistTests_renamePlaylist_playlistRenamed3 -->
        <test-method is-config="true" signature="tearDown(org.testng.ITestResult)[pri:0, instance:pageObjectsTests.PlayListTests@27d4a09]" started-at="2023-11-24T23:09:47 EST" name="tearDown" finished-at="2023-11-24T23:09:50 EST" duration-ms="3361" status="PASS">
          <params>
            <param index="0">
              <value>
                <![CDATA[[TestResult name=playlistTests_renamePlaylist_playlistRenamed3 status=SUCCESS method=PlayListTests.playlistTests_renamePlaylist_playlistRenamed3()[pri:0, instance:pageObjectsTests.PlayListTests@27d4a09] output={null}]]]>
              </value>
            </param>
          </params>
          <reporter-output>
          </reporter-output>
        </test-method> <!-- tearDown -->
        <test-method is-config="true" signature="starUp(java.lang.String,java.lang.String,java.lang.String,java.lang.String)[pri:0, instance:pageObjectsTests.PlayListTests@27d4a09]" started-at="2023-11-24T23:09:50 EST" name="starUp" finished-at="2023-11-24T23:09:51 EST" duration-ms="1035" status="PASS">
          <params>
            <param index="0">
              <value>
                <![CDATA[academic198405@gmail.com]]>
              </value>
            </param>
            <param index="1">
              <value>
                <![CDATA[te$t$tudent]]>
              </value>
            </param>
            <param index="2">
              <value>
                <![CDATA[te$s$tudent9]]>
              </value>
            </param>
            <param index="3">
              <value>
                <![CDATA[chrome]]>
              </value>
            </param>
          </params>
          <reporter-output>
          </reporter-output>
        </test-method> <!-- starUp -->
        <test-method signature="playlistTests_createPlaylist_playlistCreated4()[pri:0, instance:pageObjectsTests.PlayListTests@27d4a09]" started-at="2023-11-24T23:09:51 EST" name="playlistTests_createPlaylist_playlistCreated4" finished-at="2023-11-24T23:09:55 EST" duration-ms="3631" status="PASS">
          <reporter-output>
          </reporter-output>
        </test-method> <!-- playlistTests_createPlaylist_playlistCreated4 -->
        <test-method is-config="true" signature="tearDown(org.testng.ITestResult)[pri:0, instance:pageObjectsTests.PlayListTests@27d4a09]" started-at="2023-11-24T23:09:55 EST" name="tearDown" finished-at="2023-11-24T23:09:58 EST" duration-ms="3183" status="PASS">
          <params>
            <param index="0">
              <value>
                <![CDATA[[TestResult name=playlistTests_createPlaylist_playlistCreated4 status=SUCCESS method=PlayListTests.playlistTests_createPlaylist_playlistCreated4()[pri:0, instance:pageObjectsTests.PlayListTests@27d4a09] output={null}]]]>
              </value>
            </param>
          </params>
          <reporter-output>
          </reporter-output>
        </test-method> <!-- tearDown -->
        <test-method is-config="true" signature="starUp(java.lang.String,java.lang.String,java.lang.String,java.lang.String)[pri:0, instance:pageObjectsTests.PlayListTests@27d4a09]" started-at="2023-11-24T23:09:58 EST" name="starUp" finished-at="2023-11-24T23:09:59 EST" duration-ms="790" status="PASS">
          <params>
            <param index="0">
              <value>
                <![CDATA[academic198405@gmail.com]]>
              </value>
            </param>
            <param index="1">
              <value>
                <![CDATA[te$t$tudent]]>
              </value>
            </param>
            <param index="2">
              <value>
                <![CDATA[te$s$tudent9]]>
              </value>
            </param>
            <param index="3">
              <value>
                <![CDATA[chrome]]>
              </value>
            </param>
          </params>
          <reporter-output>
          </reporter-output>
        </test-method> <!-- starUp -->
        <test-method signature="playlistTests_renamePlaylist_playlistRenamed4()[pri:0, instance:pageObjectsTests.PlayListTests@27d4a09]" started-at="2023-11-24T23:09:59 EST" name="playlistTests_renamePlaylist_playlistRenamed4" finished-at="2023-11-24T23:10:08 EST" duration-ms="9089" status="PASS">
          <reporter-output>
          </reporter-output>
        </test-method> <!-- playlistTests_renamePlaylist_playlistRenamed4 -->
        <test-method is-config="true" signature="tearDown(org.testng.ITestResult)[pri:0, instance:pageObjectsTests.PlayListTests@27d4a09]" started-at="2023-11-24T23:10:08 EST" name="tearDown" finished-at="2023-11-24T23:10:11 EST" duration-ms="3114" status="PASS">
          <params>
            <param index="0">
              <value>
                <![CDATA[[TestResult name=playlistTests_renamePlaylist_playlistRenamed4 status=SUCCESS method=PlayListTests.playlistTests_renamePlaylist_playlistRenamed4()[pri:0, instance:pageObjectsTests.PlayListTests@27d4a09] output={null}]]]>
              </value>
            </param>
          </params>
          <reporter-output>
          </reporter-output>
        </test-method> <!-- tearDown -->
        <test-method is-config="true" signature="starUp(java.lang.String,java.lang.String,java.lang.String,java.lang.String)[pri:0, instance:pageObjectsTests.PlayListTests@27d4a09]" started-at="2023-11-24T23:10:11 EST" name="starUp" finished-at="2023-11-24T23:10:12 EST" duration-ms="735" status="PASS">
          <params>
            <param index="0">
              <value>
                <![CDATA[academic198405@gmail.com]]>
              </value>
            </param>
            <param index="1">
              <value>
                <![CDATA[te$t$tudent]]>
              </value>
            </param>
            <param index="2">
              <value>
                <![CDATA[te$s$tudent9]]>
              </value>
            </param>
            <param index="3">
              <value>
                <![CDATA[chrome]]>
              </value>
            </param>
          </params>
          <reporter-output>
          </reporter-output>
        </test-method> <!-- starUp -->
        <test-method signature="playlistTests_createPlaylist_playlistCreated5()[pri:0, instance:pageObjectsTests.PlayListTests@27d4a09]" started-at="2023-11-24T23:10:12 EST" name="playlistTests_createPlaylist_playlistCreated5" finished-at="2023-11-24T23:10:15 EST" duration-ms="3452" status="PASS">
          <reporter-output>
          </reporter-output>
        </test-method> <!-- playlistTests_createPlaylist_playlistCreated5 -->
        <test-method is-config="true" signature="tearDown(org.testng.ITestResult)[pri:0, instance:pageObjectsTests.PlayListTests@27d4a09]" started-at="2023-11-24T23:10:15 EST" name="tearDown" finished-at="2023-11-24T23:10:18 EST" duration-ms="3130" status="PASS">
          <params>
            <param index="0">
              <value>
                <![CDATA[[TestResult name=playlistTests_createPlaylist_playlistCreated5 status=SUCCESS method=PlayListTests.playlistTests_createPlaylist_playlistCreated5()[pri:0, instance:pageObjectsTests.PlayListTests@27d4a09] output={null}]]]>
              </value>
            </param>
          </params>
          <reporter-output>
          </reporter-output>
        </test-method> <!-- tearDown -->
        <test-method is-config="true" signature="starUp(java.lang.String,java.lang.String,java.lang.String,java.lang.String)[pri:0, instance:pageObjectsTests.PlayListTests@27d4a09]" started-at="2023-11-24T23:10:18 EST" name="starUp" finished-at="2023-11-24T23:10:19 EST" duration-ms="797" status="PASS">
          <params>
            <param index="0">
              <value>
                <![CDATA[academic198405@gmail.com]]>
              </value>
            </param>
            <param index="1">
              <value>
                <![CDATA[te$t$tudent]]>
              </value>
            </param>
            <param index="2">
              <value>
                <![CDATA[te$s$tudent9]]>
              </value>
            </param>
            <param index="3">
              <value>
                <![CDATA[chrome]]>
              </value>
            </param>
          </params>
          <reporter-output>
          </reporter-output>
        </test-method> <!-- starUp -->
        <test-method signature="playlistTests_renamePlaylist_playlistRenamed5()[pri:0, instance:pageObjectsTests.PlayListTests@27d4a09]" started-at="2023-11-24T23:10:19 EST" name="playlistTests_renamePlaylist_playlistRenamed5" finished-at="2023-11-24T23:10:28 EST" duration-ms="9067" status="PASS">
          <reporter-output>
          </reporter-output>
        </test-method> <!-- playlistTests_renamePlaylist_playlistRenamed5 -->
        <test-method is-config="true" signature="tearDown(org.testng.ITestResult)[pri:0, instance:pageObjectsTests.PlayListTests@27d4a09]" started-at="2023-11-24T23:10:28 EST" name="tearDown" finished-at="2023-11-24T23:10:31 EST" duration-ms="3115" status="PASS">
          <params>
            <param index="0">
              <value>
                <![CDATA[[TestResult name=playlistTests_renamePlaylist_playlistRenamed5 status=SUCCESS method=PlayListTests.playlistTests_renamePlaylist_playlistRenamed5()[pri:0, instance:pageObjectsTests.PlayListTests@27d4a09] output={null}]]]>
              </value>
            </param>
          </params>
          <reporter-output>
          </reporter-output>
        </test-method> <!-- tearDown -->
      </class> <!-- pageObjectsTests.PlayListTests -->
      <class name="pageObjectsTests.LoginToAppFactory">
        <test-method is-config="true" signature="starUp(java.lang.String,java.lang.String,java.lang.String,java.lang.String)[pri:0, instance:pageObjectsTests.LoginToAppFactory@4b40f651]" started-at="2023-11-24T23:07:23 EST" name="starUp" finished-at="2023-11-24T23:07:30 EST" duration-ms="6482" status="PASS">
          <params>
            <param index="0">
              <value>
                <![CDATA[academic198405@gmail.com]]>
              </value>
            </param>
            <param index="1">
              <value>
                <![CDATA[te$t$tudent]]>
              </value>
            </param>
            <param index="2">
              <value>
                <![CDATA[te$s$tudent9]]>
              </value>
            </param>
            <param index="3">
              <value>
                <![CDATA[chrome]]>
              </value>
            </param>
          </params>
          <reporter-output>
          </reporter-output>
        </test-method> <!-- starUp -->
        <test-method signature="loginToApp_correctCredentials_successfulLogin()[pri:0, instance:pageObjectsTests.LoginToAppFactory@4b40f651]" started-at="2023-11-24T23:07:30 EST" name="loginToApp_correctCredentials_successfulLogin" finished-at="2023-11-24T23:07:34 EST" duration-ms="4696" status="PASS">
          <reporter-output>
          </reporter-output>
        </test-method> <!-- loginToApp_correctCredentials_successfulLogin -->
        <test-method is-config="true" signature="tearDown(org.testng.ITestResult)[pri:0, instance:pageObjectsTests.LoginToAppFactory@4b40f651]" started-at="2023-11-24T23:07:34 EST" name="tearDown" finished-at="2023-11-24T23:07:38 EST" duration-ms="3199" status="PASS">
          <params>
            <param index="0">
              <value>
                <![CDATA[[TestResult name=loginToApp_correctCredentials_successfulLogin status=SUCCESS method=LoginToAppFactory.loginToApp_correctCredentials_successfulLogin()[pri:0, instance:pageObjectsTests.LoginToAppFactory@4b40f651] output={null}]]]>
              </value>
            </param>
          </params>
          <reporter-output>
          </reporter-output>
        </test-method> <!-- tearDown -->
        <test-method is-config="true" signature="starUp(java.lang.String,java.lang.String,java.lang.String,java.lang.String)[pri:0, instance:pageObjectsTests.LoginToAppFactory@4b40f651]" started-at="2023-11-24T23:07:38 EST" name="starUp" finished-at="2023-11-24T23:07:38 EST" duration-ms="830" status="PASS">
          <params>
            <param index="0">
              <value>
                <![CDATA[academic198405@gmail.com]]>
              </value>
            </param>
            <param index="1">
              <value>
                <![CDATA[te$t$tudent]]>
              </value>
            </param>
            <param index="2">
              <value>
                <![CDATA[te$s$tudent9]]>
              </value>
            </param>
            <param index="3">
              <value>
                <![CDATA[chrome]]>
              </value>
            </param>
          </params>
          <reporter-output>
          </reporter-output>
        </test-method> <!-- starUp -->
        <test-method signature="loginToApp_incorrectCredentials_failedLogin()[pri:0, instance:pageObjectsTests.LoginToAppFactory@4b40f651]" started-at="2023-11-24T23:07:38 EST" name="loginToApp_incorrectCredentials_failedLogin" finished-at="2023-11-24T23:07:41 EST" duration-ms="2507" status="PASS">
          <reporter-output>
          </reporter-output>
        </test-method> <!-- loginToApp_incorrectCredentials_failedLogin -->
        <test-method is-config="true" signature="tearDown(org.testng.ITestResult)[pri:0, instance:pageObjectsTests.LoginToAppFactory@4b40f651]" started-at="2023-11-24T23:07:41 EST" name="tearDown" finished-at="2023-11-24T23:07:45 EST" duration-ms="3572" status="PASS">
          <params>
            <param index="0">
              <value>
                <![CDATA[[TestResult name=loginToApp_incorrectCredentials_failedLogin status=SUCCESS method=LoginToAppFactory.loginToApp_incorrectCredentials_failedLogin()[pri:0, instance:pageObjectsTests.LoginToAppFactory@4b40f651] output={null}]]]>
              </value>
            </param>
          </params>
          <reporter-output>
          </reporter-output>
        </test-method> <!-- tearDown -->
        <test-method is-config="true" signature="starUp(java.lang.String,java.lang.String,java.lang.String,java.lang.String)[pri:0, instance:pageObjectsTests.LoginToAppFactory@4b40f651]" started-at="2023-11-24T23:07:45 EST" name="starUp" finished-at="2023-11-24T23:07:46 EST" duration-ms="1597" status="PASS">
          <params>
            <param index="0">
              <value>
                <![CDATA[academic198405@gmail.com]]>
              </value>
            </param>
            <param index="1">
              <value>
                <![CDATA[te$t$tudent]]>
              </value>
            </param>
            <param index="2">
              <value>
                <![CDATA[te$s$tudent9]]>
              </value>
            </param>
            <param index="3">
              <value>
                <![CDATA[chrome]]>
              </value>
            </param>
          </params>
          <reporter-output>
          </reporter-output>
        </test-method> <!-- starUp -->
        <test-method signature="loginToApp_correctCredentials_successfulLogin1()[pri:0, instance:pageObjectsTests.LoginToAppFactory@4b40f651]" started-at="2023-11-24T23:07:46 EST" name="loginToApp_correctCredentials_successfulLogin1" finished-at="2023-11-24T23:07:50 EST" duration-ms="4280" status="PASS">
          <reporter-output>
          </reporter-output>
        </test-method> <!-- loginToApp_correctCredentials_successfulLogin1 -->
        <test-method is-config="true" signature="tearDown(org.testng.ITestResult)[pri:0, instance:pageObjectsTests.LoginToAppFactory@4b40f651]" started-at="2023-11-24T23:07:50 EST" name="tearDown" finished-at="2023-11-24T23:07:56 EST" duration-ms="5926" status="PASS">
          <params>
            <param index="0">
              <value>
                <![CDATA[[TestResult name=loginToApp_correctCredentials_successfulLogin1 status=SUCCESS method=LoginToAppFactory.loginToApp_correctCredentials_successfulLogin1()[pri:0, instance:pageObjectsTests.LoginToAppFactory@4b40f651] output={null}]]]>
              </value>
            </param>
          </params>
          <reporter-output>
          </reporter-output>
        </test-method> <!-- tearDown -->
        <test-method is-config="true" signature="starUp(java.lang.String,java.lang.String,java.lang.String,java.lang.String)[pri:0, instance:pageObjectsTests.LoginToAppFactory@4b40f651]" started-at="2023-11-24T23:07:56 EST" name="starUp" finished-at="2023-11-24T23:07:59 EST" duration-ms="2763" status="PASS">
          <params>
            <param index="0">
              <value>
                <![CDATA[academic198405@gmail.com]]>
              </value>
            </param>
            <param index="1">
              <value>
                <![CDATA[te$t$tudent]]>
              </value>
            </param>
            <param index="2">
              <value>
                <![CDATA[te$s$tudent9]]>
              </value>
            </param>
            <param index="3">
              <value>
                <![CDATA[chrome]]>
              </value>
            </param>
          </params>
          <reporter-output>
          </reporter-output>
        </test-method> <!-- starUp -->
        <test-method signature="loginToApp_correctCredentials_successfulLogin2()[pri:0, instance:pageObjectsTests.LoginToAppFactory@4b40f651]" started-at="2023-11-24T23:07:59 EST" name="loginToApp_correctCredentials_successfulLogin2" finished-at="2023-11-24T23:08:03 EST" duration-ms="3785" status="PASS">
          <reporter-output>
          </reporter-output>
        </test-method> <!-- loginToApp_correctCredentials_successfulLogin2 -->
        <test-method is-config="true" signature="tearDown(org.testng.ITestResult)[pri:0, instance:pageObjectsTests.LoginToAppFactory@4b40f651]" started-at="2023-11-24T23:08:03 EST" name="tearDown" finished-at="2023-11-24T23:08:09 EST" duration-ms="6447" status="PASS">
          <params>
            <param index="0">
              <value>
                <![CDATA[[TestResult name=loginToApp_correctCredentials_successfulLogin2 status=SUCCESS method=LoginToAppFactory.loginToApp_correctCredentials_successfulLogin2()[pri:0, instance:pageObjectsTests.LoginToAppFactory@4b40f651] output={null}]]]>
              </value>
            </param>
          </params>
          <reporter-output>
          </reporter-output>
        </test-method> <!-- tearDown -->
        <test-method is-config="true" signature="starUp(java.lang.String,java.lang.String,java.lang.String,java.lang.String)[pri:0, instance:pageObjectsTests.LoginToAppFactory@4b40f651]" started-at="2023-11-24T23:08:09 EST" name="starUp" finished-at="2023-11-24T23:08:11 EST" duration-ms="1843" status="PASS">
          <params>
            <param index="0">
              <value>
                <![CDATA[academic198405@gmail.com]]>
              </value>
            </param>
            <param index="1">
              <value>
                <![CDATA[te$t$tudent]]>
              </value>
            </param>
            <param index="2">
              <value>
                <![CDATA[te$s$tudent9]]>
              </value>
            </param>
            <param index="3">
              <value>
                <![CDATA[chrome]]>
              </value>
            </param>
          </params>
          <reporter-output>
          </reporter-output>
        </test-method> <!-- starUp -->
        <test-method signature="loginToApp_correctCredentials_successfulLogin3()[pri:0, instance:pageObjectsTests.LoginToAppFactory@4b40f651]" started-at="2023-11-24T23:08:11 EST" name="loginToApp_correctCredentials_successfulLogin3" finished-at="2023-11-24T23:08:15 EST" duration-ms="4241" status="PASS">
          <reporter-output>
          </reporter-output>
        </test-method> <!-- loginToApp_correctCredentials_successfulLogin3 -->
        <test-method is-config="true" signature="tearDown(org.testng.ITestResult)[pri:0, instance:pageObjectsTests.LoginToAppFactory@4b40f651]" started-at="2023-11-24T23:08:15 EST" name="tearDown" finished-at="2023-11-24T23:08:20 EST" duration-ms="4218" status="PASS">
          <params>
            <param index="0">
              <value>
                <![CDATA[[TestResult name=loginToApp_correctCredentials_successfulLogin3 status=SUCCESS method=LoginToAppFactory.loginToApp_correctCredentials_successfulLogin3()[pri:0, instance:pageObjectsTests.LoginToAppFactory@4b40f651] output={null}]]]>
              </value>
            </param>
          </params>
          <reporter-output>
          </reporter-output>
        </test-method> <!-- tearDown -->
        <test-method is-config="true" signature="starUp(java.lang.String,java.lang.String,java.lang.String,java.lang.String)[pri:0, instance:pageObjectsTests.LoginToAppFactory@4b40f651]" started-at="2023-11-24T23:08:20 EST" name="starUp" finished-at="2023-11-24T23:08:21 EST" duration-ms="1434" status="PASS">
          <params>
            <param index="0">
              <value>
                <![CDATA[academic198405@gmail.com]]>
              </value>
            </param>
            <param index="1">
              <value>
                <![CDATA[te$t$tudent]]>
              </value>
            </param>
            <param index="2">
              <value>
                <![CDATA[te$s$tudent9]]>
              </value>
            </param>
            <param index="3">
              <value>
                <![CDATA[chrome]]>
              </value>
            </param>
          </params>
          <reporter-output>
          </reporter-output>
        </test-method> <!-- starUp -->
        <test-method signature="loginToApp_correctCredentials_successfulLogin4()[pri:0, instance:pageObjectsTests.LoginToAppFactory@4b40f651]" started-at="2023-11-24T23:08:21 EST" name="loginToApp_correctCredentials_successfulLogin4" finished-at="2023-11-24T23:08:24 EST" duration-ms="2829" status="PASS">
          <reporter-output>
          </reporter-output>
        </test-method> <!-- loginToApp_correctCredentials_successfulLogin4 -->
        <test-method is-config="true" signature="tearDown(org.testng.ITestResult)[pri:0, instance:pageObjectsTests.LoginToAppFactory@4b40f651]" started-at="2023-11-24T23:08:24 EST" name="tearDown" finished-at="2023-11-24T23:08:29 EST" duration-ms="4828" status="PASS">
          <params>
            <param index="0">
              <value>
                <![CDATA[[TestResult name=loginToApp_correctCredentials_successfulLogin4 status=SUCCESS method=LoginToAppFactory.loginToApp_correctCredentials_successfulLogin4()[pri:0, instance:pageObjectsTests.LoginToAppFactory@4b40f651] output={null}]]]>
              </value>
            </param>
          </params>
          <reporter-output>
          </reporter-output>
        </test-method> <!-- tearDown -->
        <test-method is-config="true" signature="starUp(java.lang.String,java.lang.String,java.lang.String,java.lang.String)[pri:0, instance:pageObjectsTests.LoginToAppFactory@4b40f651]" started-at="2023-11-24T23:08:29 EST" name="starUp" finished-at="2023-11-24T23:08:30 EST" duration-ms="1650" status="PASS">
          <params>
            <param index="0">
              <value>
                <![CDATA[academic198405@gmail.com]]>
              </value>
            </param>
            <param index="1">
              <value>
                <![CDATA[te$t$tudent]]>
              </value>
            </param>
            <param index="2">
              <value>
                <![CDATA[te$s$tudent9]]>
              </value>
            </param>
            <param index="3">
              <value>
                <![CDATA[chrome]]>
              </value>
            </param>
          </params>
          <reporter-output>
          </reporter-output>
        </test-method> <!-- starUp -->
        <test-method signature="loginToApp_correctCredentials_successfulLogin5()[pri:0, instance:pageObjectsTests.LoginToAppFactory@4b40f651]" started-at="2023-11-24T23:08:30 EST" name="loginToApp_correctCredentials_successfulLogin5" finished-at="2023-11-24T23:08:33 EST" duration-ms="2840" status="PASS">
          <reporter-output>
          </reporter-output>
        </test-method> <!-- loginToApp_correctCredentials_successfulLogin5 -->
        <test-method is-config="true" signature="tearDown(org.testng.ITestResult)[pri:0, instance:pageObjectsTests.LoginToAppFactory@4b40f651]" started-at="2023-11-24T23:08:33 EST" name="tearDown" finished-at="2023-11-24T23:08:37 EST" duration-ms="3795" status="PASS">
          <params>
            <param index="0">
              <value>
                <![CDATA[[TestResult name=loginToApp_correctCredentials_successfulLogin5 status=SUCCESS method=LoginToAppFactory.loginToApp_correctCredentials_successfulLogin5()[pri:0, instance:pageObjectsTests.LoginToAppFactory@4b40f651] output={null}]]]>
              </value>
            </param>
          </params>
          <reporter-output>
          </reporter-output>
        </test-method> <!-- tearDown -->
      </class> <!-- pageObjectsTests.LoginToAppFactory -->
      <class name="pageObjectsTests.LoginToApp">
        <test-method is-config="true" signature="starUp(java.lang.String,java.lang.String,java.lang.String,java.lang.String)[pri:0, instance:pageObjectsTests.LoginToApp@6d025197]" started-at="2023-11-24T23:07:23 EST" name="starUp" finished-at="2023-11-24T23:07:30 EST" duration-ms="6483" status="PASS">
          <params>
            <param index="0">
              <value>
                <![CDATA[academic198405@gmail.com]]>
              </value>
            </param>
            <param index="1">
              <value>
                <![CDATA[te$t$tudent]]>
              </value>
            </param>
            <param index="2">
              <value>
                <![CDATA[te$s$tudent9]]>
              </value>
            </param>
            <param index="3">
              <value>
                <![CDATA[chrome]]>
              </value>
            </param>
          </params>
          <reporter-output>
          </reporter-output>
        </test-method> <!-- starUp -->
        <test-method retried="true" signature="flakyTest()[pri:0, instance:pageObjectsTests.LoginToApp@6d025197]" started-at="2023-11-24T23:07:30 EST" name="flakyTest" finished-at="2023-11-24T23:07:30 EST" duration-ms="20" status="SKIP">
          <exception class="java.lang.AssertionError">
            <message>
              <![CDATA[expected [true] but found [false]]]>
            </message>
            <full-stacktrace>
              <![CDATA[java.lang.AssertionError: expected [true] but found [false]
at org.testng.Assert.fail(Assert.java:110)
at org.testng.Assert.failNotEquals(Assert.java:1577)
at org.testng.Assert.assertTrue(Assert.java:56)
at org.testng.Assert.assertTrue(Assert.java:66)
at pageObjectsTests.LoginToApp.flakyTest(LoginToApp.java:15)
at java.base/jdk.internal.reflect.NativeMethodAccessorImpl.invoke0(Native Method)
at java.base/jdk.internal.reflect.NativeMethodAccessorImpl.invoke(NativeMethodAccessorImpl.java:77)
at java.base/jdk.internal.reflect.DelegatingMethodAccessorImpl.invoke(DelegatingMethodAccessorImpl.java:43)
at java.base/java.lang.reflect.Method.invoke(Method.java:568)
at org.testng.internal.invokers.MethodInvocationHelper.invokeMethod(MethodInvocationHelper.java:139)
at org.testng.internal.invokers.TestInvoker.invokeMethod(TestInvoker.java:677)
at org.testng.internal.invokers.TestInvoker.invokeTestMethod(TestInvoker.java:221)
at org.testng.internal.invokers.MethodRunner.runInSequence(MethodRunner.java:50)
at org.testng.internal.invokers.TestInvoker$MethodInvocationAgent.invoke(TestInvoker.java:969)
at org.testng.internal.invokers.TestInvoker.invokeTestMethods(TestInvoker.java:194)
at org.testng.internal.invokers.TestMethodWorker.invokeTestMethods(TestMethodWorker.java:148)
at org.testng.internal.invokers.TestMethodWorker.run(TestMethodWorker.java:128)
at java.base/java.util.concurrent.ThreadPoolExecutor.runWorker(ThreadPoolExecutor.java:1136)
at java.base/java.util.concurrent.ThreadPoolExecutor$Worker.run(ThreadPoolExecutor.java:635)
at java.base/java.lang.Thread.run(Thread.java:840)
]]>
            </full-stacktrace>
          </exception> <!-- java.lang.AssertionError -->
          <reporter-output>
          </reporter-output>
        </test-method> <!-- flakyTest -->
        <test-method is-config="true" signature="tearDown(org.testng.ITestResult)[pri:0, instance:pageObjectsTests.LoginToApp@6d025197]" started-at="2023-11-24T23:07:30 EST" name="tearDown" finished-at="2023-11-24T23:07:33 EST" duration-ms="3118" status="PASS">
          <params>
            <param index="0">
              <value>
                <![CDATA[[TestResult name=flakyTest status=SKIP method=LoginToApp.flakyTest()[pri:0, instance:pageObjectsTests.LoginToApp@6d025197] output={null}]]]>
              </value>
            </param>
          </params>
          <reporter-output>
          </reporter-output>
        </test-method> <!-- tearDown -->
        <test-method is-config="true" signature="starUp(java.lang.String,java.lang.String,java.lang.String,java.lang.String)[pri:0, instance:pageObjectsTests.LoginToApp@6d025197]" started-at="2023-11-24T23:07:33 EST" name="starUp" finished-at="2023-11-24T23:07:34 EST" duration-ms="809" status="PASS">
          <params>
            <param index="0">
              <value>
                <![CDATA[academic198405@gmail.com]]>
              </value>
            </param>
            <param index="1">
              <value>
                <![CDATA[te$t$tudent]]>
              </value>
            </param>
            <param index="2">
              <value>
                <![CDATA[te$s$tudent9]]>
              </value>
            </param>
            <param index="3">
              <value>
                <![CDATA[chrome]]>
              </value>
            </param>
          </params>
          <reporter-output>
          </reporter-output>
        </test-method> <!-- starUp -->
        <test-method retried="true" signature="flakyTest()[pri:0, instance:pageObjectsTests.LoginToApp@6d025197]" started-at="2023-11-24T23:07:34 EST" name="flakyTest" finished-at="2023-11-24T23:07:34 EST" duration-ms="1" status="SKIP">
          <exception class="java.lang.AssertionError">
            <message>
              <![CDATA[expected [true] but found [false]]]>
            </message>
            <full-stacktrace>
              <![CDATA[java.lang.AssertionError: expected [true] but found [false]
at org.testng.Assert.fail(Assert.java:110)
at org.testng.Assert.failNotEquals(Assert.java:1577)
at org.testng.Assert.assertTrue(Assert.java:56)
at org.testng.Assert.assertTrue(Assert.java:66)
at pageObjectsTests.LoginToApp.flakyTest(LoginToApp.java:15)
at java.base/jdk.internal.reflect.NativeMethodAccessorImpl.invoke0(Native Method)
at java.base/jdk.internal.reflect.NativeMethodAccessorImpl.invoke(NativeMethodAccessorImpl.java:77)
at java.base/jdk.internal.reflect.DelegatingMethodAccessorImpl.invoke(DelegatingMethodAccessorImpl.java:43)
at java.base/java.lang.reflect.Method.invoke(Method.java:568)
at org.testng.internal.invokers.MethodInvocationHelper.invokeMethod(MethodInvocationHelper.java:139)
at org.testng.internal.invokers.TestInvoker.invokeMethod(TestInvoker.java:677)
at org.testng.internal.invokers.TestInvoker.retryFailed(TestInvoker.java:263)
at org.testng.internal.invokers.MethodRunner.runInSequence(MethodRunner.java:62)
at org.testng.internal.invokers.TestInvoker$MethodInvocationAgent.invoke(TestInvoker.java:969)
at org.testng.internal.invokers.TestInvoker.invokeTestMethods(TestInvoker.java:194)
at org.testng.internal.invokers.TestMethodWorker.invokeTestMethods(TestMethodWorker.java:148)
at org.testng.internal.invokers.TestMethodWorker.run(TestMethodWorker.java:128)
at java.base/java.util.concurrent.ThreadPoolExecutor.runWorker(ThreadPoolExecutor.java:1136)
at java.base/java.util.concurrent.ThreadPoolExecutor$Worker.run(ThreadPoolExecutor.java:635)
at java.base/java.lang.Thread.run(Thread.java:840)
]]>
            </full-stacktrace>
          </exception> <!-- java.lang.AssertionError -->
          <reporter-output>
          </reporter-output>
        </test-method> <!-- flakyTest -->
        <test-method is-config="true" signature="tearDown(org.testng.ITestResult)[pri:0, instance:pageObjectsTests.LoginToApp@6d025197]" started-at="2023-11-24T23:07:34 EST" name="tearDown" finished-at="2023-11-24T23:07:37 EST" duration-ms="3140" status="PASS">
          <params>
            <param index="0">
              <value>
                <![CDATA[[TestResult name=flakyTest status=SKIP method=LoginToApp.flakyTest()[pri:0, instance:pageObjectsTests.LoginToApp@6d025197] output={null}]]]>
              </value>
            </param>
          </params>
          <reporter-output>
          </reporter-output>
        </test-method> <!-- tearDown -->
        <test-method is-config="true" signature="starUp(java.lang.String,java.lang.String,java.lang.String,java.lang.String)[pri:0, instance:pageObjectsTests.LoginToApp@6d025197]" started-at="2023-11-24T23:07:37 EST" name="starUp" finished-at="2023-11-24T23:07:38 EST" duration-ms="844" status="PASS">
          <params>
            <param index="0">
              <value>
                <![CDATA[academic198405@gmail.com]]>
              </value>
            </param>
            <param index="1">
              <value>
                <![CDATA[te$t$tudent]]>
              </value>
            </param>
            <param index="2">
              <value>
                <![CDATA[te$s$tudent9]]>
              </value>
            </param>
            <param index="3">
              <value>
                <![CDATA[chrome]]>
              </value>
            </param>
          </params>
          <reporter-output>
          </reporter-output>
        </test-method> <!-- starUp -->
        <test-method retried="true" signature="flakyTest()[pri:0, instance:pageObjectsTests.LoginToApp@6d025197]" started-at="2023-11-24T23:07:38 EST" name="flakyTest" finished-at="2023-11-24T23:07:38 EST" duration-ms="1" status="SKIP">
          <exception class="java.lang.AssertionError">
            <message>
              <![CDATA[expected [true] but found [false]]]>
            </message>
            <full-stacktrace>
              <![CDATA[java.lang.AssertionError: expected [true] but found [false]
at org.testng.Assert.fail(Assert.java:110)
at org.testng.Assert.failNotEquals(Assert.java:1577)
at org.testng.Assert.assertTrue(Assert.java:56)
at org.testng.Assert.assertTrue(Assert.java:66)
at pageObjectsTests.LoginToApp.flakyTest(LoginToApp.java:15)
at java.base/jdk.internal.reflect.NativeMethodAccessorImpl.invoke0(Native Method)
at java.base/jdk.internal.reflect.NativeMethodAccessorImpl.invoke(NativeMethodAccessorImpl.java:77)
at java.base/jdk.internal.reflect.DelegatingMethodAccessorImpl.invoke(DelegatingMethodAccessorImpl.java:43)
at java.base/java.lang.reflect.Method.invoke(Method.java:568)
at org.testng.internal.invokers.MethodInvocationHelper.invokeMethod(MethodInvocationHelper.java:139)
at org.testng.internal.invokers.TestInvoker.invokeMethod(TestInvoker.java:677)
at org.testng.internal.invokers.TestInvoker.retryFailed(TestInvoker.java:263)
at org.testng.internal.invokers.MethodRunner.runInSequence(MethodRunner.java:62)
at org.testng.internal.invokers.TestInvoker$MethodInvocationAgent.invoke(TestInvoker.java:969)
at org.testng.internal.invokers.TestInvoker.invokeTestMethods(TestInvoker.java:194)
at org.testng.internal.invokers.TestMethodWorker.invokeTestMethods(TestMethodWorker.java:148)
at org.testng.internal.invokers.TestMethodWorker.run(TestMethodWorker.java:128)
at java.base/java.util.concurrent.ThreadPoolExecutor.runWorker(ThreadPoolExecutor.java:1136)
at java.base/java.util.concurrent.ThreadPoolExecutor$Worker.run(ThreadPoolExecutor.java:635)
at java.base/java.lang.Thread.run(Thread.java:840)
]]>
            </full-stacktrace>
          </exception> <!-- java.lang.AssertionError -->
          <reporter-output>
          </reporter-output>
        </test-method> <!-- flakyTest -->
        <test-method is-config="true" signature="tearDown(org.testng.ITestResult)[pri:0, instance:pageObjectsTests.LoginToApp@6d025197]" started-at="2023-11-24T23:07:38 EST" name="tearDown" finished-at="2023-11-24T23:07:41 EST" duration-ms="3137" status="PASS">
          <params>
            <param index="0">
              <value>
                <![CDATA[[TestResult name=flakyTest status=SKIP method=LoginToApp.flakyTest()[pri:0, instance:pageObjectsTests.LoginToApp@6d025197] output={null}]]]>
              </value>
            </param>
          </params>
          <reporter-output>
          </reporter-output>
        </test-method> <!-- tearDown -->
        <test-method is-config="true" signature="starUp(java.lang.String,java.lang.String,java.lang.String,java.lang.String)[pri:0, instance:pageObjectsTests.LoginToApp@6d025197]" started-at="2023-11-24T23:07:41 EST" name="starUp" finished-at="2023-11-24T23:07:42 EST" duration-ms="815" status="PASS">
          <params>
            <param index="0">
              <value>
                <![CDATA[academic198405@gmail.com]]>
              </value>
            </param>
            <param index="1">
              <value>
                <![CDATA[te$t$tudent]]>
              </value>
            </param>
            <param index="2">
              <value>
                <![CDATA[te$s$tudent9]]>
              </value>
            </param>
            <param index="3">
              <value>
                <![CDATA[chrome]]>
              </value>
            </param>
          </params>
          <reporter-output>
          </reporter-output>
        </test-method> <!-- starUp -->
        <test-method signature="flakyTest()[pri:0, instance:pageObjectsTests.LoginToApp@6d025197]" started-at="2023-11-24T23:07:42 EST" name="flakyTest" finished-at="2023-11-24T23:07:42 EST" duration-ms="1" status="PASS">
          <reporter-output>
          </reporter-output>
        </test-method> <!-- flakyTest -->
        <test-method is-config="true" signature="tearDown(org.testng.ITestResult)[pri:0, instance:pageObjectsTests.LoginToApp@6d025197]" started-at="2023-11-24T23:07:42 EST" name="tearDown" finished-at="2023-11-24T23:07:45 EST" duration-ms="3499" status="PASS">
          <params>
            <param index="0">
              <value>
                <![CDATA[[TestResult name=flakyTest status=SUCCESS method=LoginToApp.flakyTest()[pri:0, instance:pageObjectsTests.LoginToApp@6d025197] output={null}]]]>
              </value>
            </param>
          </params>
          <reporter-output>
          </reporter-output>
        </test-method> <!-- tearDown -->
        <test-method is-config="true" signature="starUp(java.lang.String,java.lang.String,java.lang.String,java.lang.String)[pri:0, instance:pageObjectsTests.LoginToApp@6d025197]" started-at="2023-11-24T23:07:45 EST" name="starUp" finished-at="2023-11-24T23:07:47 EST" duration-ms="1710" status="PASS">
          <params>
            <param index="0">
              <value>
                <![CDATA[academic198405@gmail.com]]>
              </value>
            </param>
            <param index="1">
              <value>
                <![CDATA[te$t$tudent]]>
              </value>
            </param>
            <param index="2">
              <value>
                <![CDATA[te$s$tudent9]]>
              </value>
            </param>
            <param index="3">
              <value>
                <![CDATA[chrome]]>
              </value>
            </param>
          </params>
          <reporter-output>
          </reporter-output>
        </test-method> <!-- starUp -->
        <test-method signature="loginToApp_correctCredentials_successfulLogin()[pri:0, instance:pageObjectsTests.LoginToApp@6d025197]" started-at="2023-11-24T23:07:47 EST" name="loginToApp_correctCredentials_successfulLogin" finished-at="2023-11-24T23:07:52 EST" duration-ms="5489" status="PASS">
          <reporter-output>
          </reporter-output>
        </test-method> <!-- loginToApp_correctCredentials_successfulLogin -->
        <test-method is-config="true" signature="tearDown(org.testng.ITestResult)[pri:0, instance:pageObjectsTests.LoginToApp@6d025197]" started-at="2023-11-24T23:07:52 EST" name="tearDown" finished-at="2023-11-24T23:07:57 EST" duration-ms="4255" status="PASS">
          <params>
            <param index="0">
              <value>
                <![CDATA[[TestResult name=loginToApp_correctCredentials_successfulLogin status=SUCCESS method=LoginToApp.loginToApp_correctCredentials_successfulLogin()[pri:0, instance:pageObjectsTests.LoginToApp@6d025197] output={null}]]]>
              </value>
            </param>
          </params>
          <reporter-output>
          </reporter-output>
        </test-method> <!-- tearDown -->
        <test-method is-config="true" signature="starUp(java.lang.String,java.lang.String,java.lang.String,java.lang.String)[pri:0, instance:pageObjectsTests.LoginToApp@6d025197]" started-at="2023-11-24T23:07:57 EST" name="starUp" finished-at="2023-11-24T23:08:00 EST" duration-ms="3140" status="PASS">
          <params>
            <param index="0">
              <value>
                <![CDATA[academic198405@gmail.com]]>
              </value>
            </param>
            <param index="1">
              <value>
                <![CDATA[te$t$tudent]]>
              </value>
            </param>
            <param index="2">
              <value>
                <![CDATA[te$s$tudent9]]>
              </value>
            </param>
            <param index="3">
              <value>
                <![CDATA[chrome]]>
              </value>
            </param>
          </params>
          <reporter-output>
          </reporter-output>
        </test-method> <!-- starUp -->
        <test-method signature="loginToApp_incorrectCredentials_failedLogin()[pri:0, instance:pageObjectsTests.LoginToApp@6d025197]" started-at="2023-11-24T23:08:00 EST" name="loginToApp_incorrectCredentials_failedLogin" finished-at="2023-11-24T23:08:06 EST" duration-ms="6403" status="PASS">
          <reporter-output>
          </reporter-output>
        </test-method> <!-- loginToApp_incorrectCredentials_failedLogin -->
        <test-method is-config="true" signature="tearDown(org.testng.ITestResult)[pri:0, instance:pageObjectsTests.LoginToApp@6d025197]" started-at="2023-11-24T23:08:06 EST" name="tearDown" finished-at="2023-11-24T23:08:15 EST" duration-ms="8755" status="PASS">
          <params>
            <param index="0">
              <value>
                <![CDATA[[TestResult name=loginToApp_incorrectCredentials_failedLogin status=SUCCESS method=LoginToApp.loginToApp_incorrectCredentials_failedLogin()[pri:0, instance:pageObjectsTests.LoginToApp@6d025197] output={null}]]]>
              </value>
            </param>
          </params>
          <reporter-output>
          </reporter-output>
        </test-method> <!-- tearDown -->
        <test-method is-config="true" signature="starUp(java.lang.String,java.lang.String,java.lang.String,java.lang.String)[pri:0, instance:pageObjectsTests.LoginToApp@6d025197]" started-at="2023-11-24T23:08:15 EST" name="starUp" finished-at="2023-11-24T23:08:17 EST" duration-ms="1839" status="PASS">
          <params>
            <param index="0">
              <value>
                <![CDATA[academic198405@gmail.com]]>
              </value>
            </param>
            <param index="1">
              <value>
                <![CDATA[te$t$tudent]]>
              </value>
            </param>
            <param index="2">
              <value>
                <![CDATA[te$s$tudent9]]>
              </value>
            </param>
            <param index="3">
              <value>
                <![CDATA[chrome]]>
              </value>
            </param>
          </params>
          <reporter-output>
          </reporter-output>
        </test-method> <!-- starUp -->
        <test-method signature="loginToApp_correctCredentials_successfulLogin1()[pri:0, instance:pageObjectsTests.LoginToApp@6d025197]" started-at="2023-11-24T23:08:17 EST" name="loginToApp_correctCredentials_successfulLogin1" finished-at="2023-11-24T23:08:20 EST" duration-ms="3124" status="PASS">
          <reporter-output>
          </reporter-output>
        </test-method> <!-- loginToApp_correctCredentials_successfulLogin1 -->
        <test-method is-config="true" signature="tearDown(org.testng.ITestResult)[pri:0, instance:pageObjectsTests.LoginToApp@6d025197]" started-at="2023-11-24T23:08:20 EST" name="tearDown" finished-at="2023-11-24T23:08:25 EST" duration-ms="4941" status="PASS">
          <params>
            <param index="0">
              <value>
                <![CDATA[[TestResult name=loginToApp_correctCredentials_successfulLogin1 status=SUCCESS method=LoginToApp.loginToApp_correctCredentials_successfulLogin1()[pri:0, instance:pageObjectsTests.LoginToApp@6d025197] output={null}]]]>
              </value>
            </param>
          </params>
          <reporter-output>
          </reporter-output>
        </test-method> <!-- tearDown -->
        <test-method is-config="true" signature="starUp(java.lang.String,java.lang.String,java.lang.String,java.lang.String)[pri:0, instance:pageObjectsTests.LoginToApp@6d025197]" started-at="2023-11-24T23:08:25 EST" name="starUp" finished-at="2023-11-24T23:08:26 EST" duration-ms="1426" status="PASS">
          <params>
            <param index="0">
              <value>
                <![CDATA[academic198405@gmail.com]]>
              </value>
            </param>
            <param index="1">
              <value>
                <![CDATA[te$t$tudent]]>
              </value>
            </param>
            <param index="2">
              <value>
                <![CDATA[te$s$tudent9]]>
              </value>
            </param>
            <param index="3">
              <value>
                <![CDATA[chrome]]>
              </value>
            </param>
          </params>
          <reporter-output>
          </reporter-output>
        </test-method> <!-- starUp -->
        <test-method signature="loginToApp_incorrectCredentials_failedLogin1()[pri:0, instance:pageObjectsTests.LoginToApp@6d025197]" started-at="2023-11-24T23:08:26 EST" name="loginToApp_incorrectCredentials_failedLogin1" finished-at="2023-11-24T23:08:33 EST" duration-ms="6508" status="PASS">
          <reporter-output>
          </reporter-output>
        </test-method> <!-- loginToApp_incorrectCredentials_failedLogin1 -->
        <test-method is-config="true" signature="tearDown(org.testng.ITestResult)[pri:0, instance:pageObjectsTests.LoginToApp@6d025197]" started-at="2023-11-24T23:08:33 EST" name="tearDown" finished-at="2023-11-24T23:08:37 EST" duration-ms="4160" status="PASS">
          <params>
            <param index="0">
              <value>
                <![CDATA[[TestResult name=loginToApp_incorrectCredentials_failedLogin1 status=SUCCESS method=LoginToApp.loginToApp_incorrectCredentials_failedLogin1()[pri:0, instance:pageObjectsTests.LoginToApp@6d025197] output={null}]]]>
              </value>
            </param>
          </params>
          <reporter-output>
          </reporter-output>
        </test-method> <!-- tearDown -->
        <test-method is-config="true" signature="starUp(java.lang.String,java.lang.String,java.lang.String,java.lang.String)[pri:0, instance:pageObjectsTests.LoginToApp@6d025197]" started-at="2023-11-24T23:08:37 EST" name="starUp" finished-at="2023-11-24T23:08:38 EST" duration-ms="1512" status="PASS">
          <params>
            <param index="0">
              <value>
                <![CDATA[academic198405@gmail.com]]>
              </value>
            </param>
            <param index="1">
              <value>
                <![CDATA[te$t$tudent]]>
              </value>
            </param>
            <param index="2">
              <value>
                <![CDATA[te$s$tudent9]]>
              </value>
            </param>
            <param index="3">
              <value>
                <![CDATA[chrome]]>
              </value>
            </param>
          </params>
          <reporter-output>
          </reporter-output>
        </test-method> <!-- starUp -->
        <test-method signature="loginToApp_correctCredentials_successfulLogin2()[pri:0, instance:pageObjectsTests.LoginToApp@6d025197]" started-at="2023-11-24T23:08:38 EST" name="loginToApp_correctCredentials_successfulLogin2" finished-at="2023-11-24T23:08:42 EST" duration-ms="3989" status="PASS">
          <reporter-output>
          </reporter-output>
        </test-method> <!-- loginToApp_correctCredentials_successfulLogin2 -->
        <test-method is-config="true" signature="tearDown(org.testng.ITestResult)[pri:0, instance:pageObjectsTests.LoginToApp@6d025197]" started-at="2023-11-24T23:08:42 EST" name="tearDown" finished-at="2023-11-24T23:08:49 EST" duration-ms="6157" status="PASS">
          <params>
            <param index="0">
              <value>
                <![CDATA[[TestResult name=loginToApp_correctCredentials_successfulLogin2 status=SUCCESS method=LoginToApp.loginToApp_correctCredentials_successfulLogin2()[pri:0, instance:pageObjectsTests.LoginToApp@6d025197] output={null}]]]>
              </value>
            </param>
          </params>
          <reporter-output>
          </reporter-output>
        </test-method> <!-- tearDown -->
        <test-method is-config="true" signature="starUp(java.lang.String,java.lang.String,java.lang.String,java.lang.String)[pri:0, instance:pageObjectsTests.LoginToApp@6d025197]" started-at="2023-11-24T23:08:49 EST" name="starUp" finished-at="2023-11-24T23:08:50 EST" duration-ms="1515" status="PASS">
          <params>
            <param index="0">
              <value>
                <![CDATA[academic198405@gmail.com]]>
              </value>
            </param>
            <param index="1">
              <value>
                <![CDATA[te$t$tudent]]>
              </value>
            </param>
            <param index="2">
              <value>
                <![CDATA[te$s$tudent9]]>
              </value>
            </param>
            <param index="3">
              <value>
                <![CDATA[chrome]]>
              </value>
            </param>
          </params>
          <reporter-output>
          </reporter-output>
        </test-method> <!-- starUp -->
        <test-method signature="loginToApp_incorrectCredentials_failedLogin2()[pri:0, instance:pageObjectsTests.LoginToApp@6d025197]" started-at="2023-11-24T23:08:50 EST" name="loginToApp_incorrectCredentials_failedLogin2" finished-at="2023-11-24T23:08:53 EST" duration-ms="3052" status="PASS">
          <reporter-output>
          </reporter-output>
        </test-method> <!-- loginToApp_incorrectCredentials_failedLogin2 -->
        <test-method is-config="true" signature="tearDown(org.testng.ITestResult)[pri:0, instance:pageObjectsTests.LoginToApp@6d025197]" started-at="2023-11-24T23:08:53 EST" name="tearDown" finished-at="2023-11-24T23:08:59 EST" duration-ms="5667" status="PASS">
          <params>
            <param index="0">
              <value>
                <![CDATA[[TestResult name=loginToApp_incorrectCredentials_failedLogin2 status=SUCCESS method=LoginToApp.loginToApp_incorrectCredentials_failedLogin2()[pri:0, instance:pageObjectsTests.LoginToApp@6d025197] output={null}]]]>
              </value>
            </param>
          </params>
          <reporter-output>
          </reporter-output>
        </test-method> <!-- tearDown -->
        <test-method is-config="true" signature="starUp(java.lang.String,java.lang.String,java.lang.String,java.lang.String)[pri:0, instance:pageObjectsTests.LoginToApp@6d025197]" started-at="2023-11-24T23:08:59 EST" name="starUp" finished-at="2023-11-24T23:09:00 EST" duration-ms="1658" status="PASS">
          <params>
            <param index="0">
              <value>
                <![CDATA[academic198405@gmail.com]]>
              </value>
            </param>
            <param index="1">
              <value>
                <![CDATA[te$t$tudent]]>
              </value>
            </param>
            <param index="2">
              <value>
                <![CDATA[te$s$tudent9]]>
              </value>
            </param>
            <param index="3">
              <value>
                <![CDATA[chrome]]>
              </value>
            </param>
          </params>
          <reporter-output>
          </reporter-output>
        </test-method> <!-- starUp -->
        <test-method signature="loginToApp_correctCredentials_successfulLogin3()[pri:0, instance:pageObjectsTests.LoginToApp@6d025197]" started-at="2023-11-24T23:09:00 EST" name="loginToApp_correctCredentials_successfulLogin3" finished-at="2023-11-24T23:09:03 EST" duration-ms="3072" status="PASS">
          <reporter-output>
          </reporter-output>
        </test-method> <!-- loginToApp_correctCredentials_successfulLogin3 -->
        <test-method is-config="true" signature="tearDown(org.testng.ITestResult)[pri:0, instance:pageObjectsTests.LoginToApp@6d025197]" started-at="2023-11-24T23:09:03 EST" name="tearDown" finished-at="2023-11-24T23:09:07 EST" duration-ms="3435" status="PASS">
          <params>
            <param index="0">
              <value>
                <![CDATA[[TestResult name=loginToApp_correctCredentials_successfulLogin3 status=SUCCESS method=LoginToApp.loginToApp_correctCredentials_successfulLogin3()[pri:0, instance:pageObjectsTests.LoginToApp@6d025197] output={null}]]]>
              </value>
            </param>
          </params>
          <reporter-output>
          </reporter-output>
        </test-method> <!-- tearDown -->
        <test-method is-config="true" signature="starUp(java.lang.String,java.lang.String,java.lang.String,java.lang.String)[pri:0, instance:pageObjectsTests.LoginToApp@6d025197]" started-at="2023-11-24T23:09:07 EST" name="starUp" finished-at="2023-11-24T23:09:09 EST" duration-ms="1639" status="PASS">
          <params>
            <param index="0">
              <value>
                <![CDATA[academic198405@gmail.com]]>
              </value>
            </param>
            <param index="1">
              <value>
                <![CDATA[te$t$tudent]]>
              </value>
            </param>
            <param index="2">
              <value>
                <![CDATA[te$s$tudent9]]>
              </value>
            </param>
            <param index="3">
              <value>
                <![CDATA[chrome]]>
              </value>
            </param>
          </params>
          <reporter-output>
          </reporter-output>
        </test-method> <!-- starUp -->
        <test-method signature="loginToApp_incorrectCredentials_failedLogin3()[pri:0, instance:pageObjectsTests.LoginToApp@6d025197]" started-at="2023-11-24T23:09:09 EST" name="loginToApp_incorrectCredentials_failedLogin3" finished-at="2023-11-24T23:09:19 EST" duration-ms="10230" status="PASS">
          <reporter-output>
          </reporter-output>
        </test-method> <!-- loginToApp_incorrectCredentials_failedLogin3 -->
        <test-method is-config="true" signature="tearDown(org.testng.ITestResult)[pri:0, instance:pageObjectsTests.LoginToApp@6d025197]" started-at="2023-11-24T23:09:19 EST" name="tearDown" finished-at="2023-11-24T23:09:24 EST" duration-ms="5262" status="PASS">
          <params>
            <param index="0">
              <value>
                <![CDATA[[TestResult name=loginToApp_incorrectCredentials_failedLogin3 status=SUCCESS method=LoginToApp.loginToApp_incorrectCredentials_failedLogin3()[pri:0, instance:pageObjectsTests.LoginToApp@6d025197] output={null}]]]>
              </value>
            </param>
          </params>
          <reporter-output>
          </reporter-output>
        </test-method> <!-- tearDown -->
        <test-method is-config="true" signature="starUp(java.lang.String,java.lang.String,java.lang.String,java.lang.String)[pri:0, instance:pageObjectsTests.LoginToApp@6d025197]" started-at="2023-11-24T23:09:24 EST" name="starUp" finished-at="2023-11-24T23:09:26 EST" duration-ms="1500" status="PASS">
          <params>
            <param index="0">
              <value>
                <![CDATA[academic198405@gmail.com]]>
              </value>
            </param>
            <param index="1">
              <value>
                <![CDATA[te$t$tudent]]>
              </value>
            </param>
            <param index="2">
              <value>
                <![CDATA[te$s$tudent9]]>
              </value>
            </param>
            <param index="3">
              <value>
                <![CDATA[chrome]]>
              </value>
            </param>
          </params>
          <reporter-output>
          </reporter-output>
        </test-method> <!-- starUp -->
        <test-method signature="loginToApp_correctCredentials_successfulLogin4()[pri:0, instance:pageObjectsTests.LoginToApp@6d025197]" started-at="2023-11-24T23:09:26 EST" name="loginToApp_correctCredentials_successfulLogin4" finished-at="2023-11-24T23:09:30 EST" duration-ms="4277" status="PASS">
          <reporter-output>
          </reporter-output>
        </test-method> <!-- loginToApp_correctCredentials_successfulLogin4 -->
        <test-method is-config="true" signature="tearDown(org.testng.ITestResult)[pri:0, instance:pageObjectsTests.LoginToApp@6d025197]" started-at="2023-11-24T23:09:30 EST" name="tearDown" finished-at="2023-11-24T23:09:33 EST" duration-ms="3421" status="PASS">
          <params>
            <param index="0">
              <value>
                <![CDATA[[TestResult name=loginToApp_correctCredentials_successfulLogin4 status=SUCCESS method=LoginToApp.loginToApp_correctCredentials_successfulLogin4()[pri:0, instance:pageObjectsTests.LoginToApp@6d025197] output={null}]]]>
              </value>
            </param>
          </params>
          <reporter-output>
          </reporter-output>
        </test-method> <!-- tearDown -->
        <test-method is-config="true" signature="starUp(java.lang.String,java.lang.String,java.lang.String,java.lang.String)[pri:0, instance:pageObjectsTests.LoginToApp@6d025197]" started-at="2023-11-24T23:09:33 EST" name="starUp" finished-at="2023-11-24T23:09:35 EST" duration-ms="1338" status="PASS">
          <params>
            <param index="0">
              <value>
                <![CDATA[academic198405@gmail.com]]>
              </value>
            </param>
            <param index="1">
              <value>
                <![CDATA[te$t$tudent]]>
              </value>
            </param>
            <param index="2">
              <value>
                <![CDATA[te$s$tudent9]]>
              </value>
            </param>
            <param index="3">
              <value>
                <![CDATA[chrome]]>
              </value>
            </param>
          </params>
          <reporter-output>
          </reporter-output>
        </test-method> <!-- starUp -->
        <test-method signature="loginToApp_incorrectCredentials_failedLogin4()[pri:0, instance:pageObjectsTests.LoginToApp@6d025197]" started-at="2023-11-24T23:09:35 EST" name="loginToApp_incorrectCredentials_failedLogin4" finished-at="2023-11-24T23:09:38 EST" duration-ms="3140" status="PASS">
          <reporter-output>
          </reporter-output>
        </test-method> <!-- loginToApp_incorrectCredentials_failedLogin4 -->
        <test-method is-config="true" signature="tearDown(org.testng.ITestResult)[pri:0, instance:pageObjectsTests.LoginToApp@6d025197]" started-at="2023-11-24T23:09:38 EST" name="tearDown" finished-at="2023-11-24T23:09:42 EST" duration-ms="4347" status="PASS">
          <params>
            <param index="0">
              <value>
                <![CDATA[[TestResult name=loginToApp_incorrectCredentials_failedLogin4 status=SUCCESS method=LoginToApp.loginToApp_incorrectCredentials_failedLogin4()[pri:0, instance:pageObjectsTests.LoginToApp@6d025197] output={null}]]]>
              </value>
            </param>
          </params>
          <reporter-output>
          </reporter-output>
        </test-method> <!-- tearDown -->
        <test-method is-config="true" signature="starUp(java.lang.String,java.lang.String,java.lang.String,java.lang.String)[pri:0, instance:pageObjectsTests.LoginToApp@6d025197]" started-at="2023-11-24T23:09:42 EST" name="starUp" finished-at="2023-11-24T23:09:43 EST" duration-ms="1271" status="PASS">
          <params>
            <param index="0">
              <value>
                <![CDATA[academic198405@gmail.com]]>
              </value>
            </param>
            <param index="1">
              <value>
                <![CDATA[te$t$tudent]]>
              </value>
            </param>
            <param index="2">
              <value>
                <![CDATA[te$s$tudent9]]>
              </value>
            </param>
            <param index="3">
              <value>
                <![CDATA[chrome]]>
              </value>
            </param>
          </params>
          <reporter-output>
          </reporter-output>
        </test-method> <!-- starUp -->
        <test-method signature="loginToApp_correctCredentials_successfulLogin5()[pri:0, instance:pageObjectsTests.LoginToApp@6d025197]" started-at="2023-11-24T23:09:43 EST" name="loginToApp_correctCredentials_successfulLogin5" finished-at="2023-11-24T23:09:46 EST" duration-ms="2733" status="PASS">
          <reporter-output>
          </reporter-output>
        </test-method> <!-- loginToApp_correctCredentials_successfulLogin5 -->
        <test-method is-config="true" signature="tearDown(org.testng.ITestResult)[pri:0, instance:pageObjectsTests.LoginToApp@6d025197]" started-at="2023-11-24T23:09:46 EST" name="tearDown" finished-at="2023-11-24T23:09:49 EST" duration-ms="3250" status="PASS">
          <params>
            <param index="0">
              <value>
                <![CDATA[[TestResult name=loginToApp_correctCredentials_successfulLogin5 status=SUCCESS method=LoginToApp.loginToApp_correctCredentials_successfulLogin5()[pri:0, instance:pageObjectsTests.LoginToApp@6d025197] output={null}]]]>
              </value>
            </param>
          </params>
          <reporter-output>
          </reporter-output>
        </test-method> <!-- tearDown -->
        <test-method is-config="true" signature="starUp(java.lang.String,java.lang.String,java.lang.String,java.lang.String)[pri:0, instance:pageObjectsTests.LoginToApp@6d025197]" started-at="2023-11-24T23:09:49 EST" name="starUp" finished-at="2023-11-24T23:09:50 EST" duration-ms="903" status="PASS">
          <params>
            <param index="0">
              <value>
                <![CDATA[academic198405@gmail.com]]>
              </value>
            </param>
            <param index="1">
              <value>
                <![CDATA[te$t$tudent]]>
              </value>
            </param>
            <param index="2">
              <value>
                <![CDATA[te$s$tudent9]]>
              </value>
            </param>
            <param index="3">
              <value>
                <![CDATA[chrome]]>
              </value>
            </param>
          </params>
          <reporter-output>
          </reporter-output>
        </test-method> <!-- starUp -->
        <test-method signature="loginToApp_incorrectCredentials_failedLogin5()[pri:0, instance:pageObjectsTests.LoginToApp@6d025197]" started-at="2023-11-24T23:09:50 EST" name="loginToApp_incorrectCredentials_failedLogin5" finished-at="2023-11-24T23:09:52 EST" duration-ms="2186" status="PASS">
          <reporter-output>
          </reporter-output>
        </test-method> <!-- loginToApp_incorrectCredentials_failedLogin5 -->
        <test-method is-config="true" signature="tearDown(org.testng.ITestResult)[pri:0, instance:pageObjectsTests.LoginToApp@6d025197]" started-at="2023-11-24T23:09:52 EST" name="tearDown" finished-at="2023-11-24T23:09:56 EST" duration-ms="3124" status="PASS">
          <params>
            <param index="0">
              <value>
                <![CDATA[[TestResult name=loginToApp_incorrectCredentials_failedLogin5 status=SUCCESS method=LoginToApp.loginToApp_incorrectCredentials_failedLogin5()[pri:0, instance:pageObjectsTests.LoginToApp@6d025197] output={null}]]]>
              </value>
            </param>
          </params>
          <reporter-output>
          </reporter-output>
        </test-method> <!-- tearDown -->
      </class> <!-- pageObjectsTests.LoginToApp -->
    </test> <!-- Main tests -->
  </suite> <!-- Master Suite -->
</testng-results>
