<?xml version="1.0" encoding="UTF-8"?>
<!-- Generated by org.testng.reporters.JUnitReportReporter -->
<testsuite hostname="LAPTOP-O5N2FL09" failures="0" tests="12" name="pageObjectsTests.PlayListTests" time="187.995" errors="1" timestamp="2023-11-24T23:10:31 EST" skipped="0">
  <testcase classname="pageObjectsTests.PlayListTests" name="playlistTests_createPlaylist_playlistCreated5" time="14.304"/>
  <system-out/>
  <testcase classname="pageObjectsTests.PlayListTests" name="playlistTests_createPlaylist_playlistCreated1" time="16.179"/>
  <system-out/>
  <testcase classname="pageObjectsTests.PlayListTests" name="playlistTests_renamePlaylist_playlistRenamed5" time="22.295"/>
  <system-out/>
  <testcase classname="pageObjectsTests.PlayListTests" name="playlistTests_renamePlaylist_playlistRenamed1" time="17.510"/>
  <system-out/>
  <testcase classname="pageObjectsTests.PlayListTests" name="playlistTests_renamePlaylist_playlistRenamed" time="17.699">
    <error message="Expected condition failed: waiting for element to be clickable: By.xpath: //*[@title=&#039;Create a new playlist&#039;] (tried for 10 second(s) with 200 milliseconds interval)
Build info: version: &#039;4.9.1&#039;, revision: &#039;eb2032df7f&#039;
System info: os.name: &#039;Windows 10&#039;, os.arch: &#039;amd64&#039;, os.version: &#039;10.0&#039;, java.version: &#039;17.0.9&#039;
Driver info: org.openqa.selenium.chrome.ChromeDriver
Capabilities {acceptInsecureCerts: false, browserName: chrome, browserVersion: 119.0.6045.160, chrome: {chromedriverVersion: 119.0.6045.105 (38c72552c5e..., userDataDir: C:\Users\acade\AppData\Loca...}, fedcm:accounts: true, goog:chromeOptions: {debuggerAddress: localhost:50398}, networkConnectionEnabled: false, pageLoadStrategy: normal, platformName: windows, proxy: Proxy(), se:cdp: ws://localhost:50398/devtoo..., se:cdpVersion: 119.0.6045.160, setWindowRect: true, strictFileInteractability: false, timeouts: {implicit: 0, pageLoad: 300000, script: 30000}, unhandledPromptBehavior: dismiss and notify, webauthn:extension:credBlob: true, webauthn:extension:largeBlob: true, webauthn:extension:minPinLength: true, webauthn:extension:prf: true, webauthn:virtualAuthenticators: true}
Session ID: 4af8378484dedaba6ad605163df1e7ac" type="org.openqa.selenium.TimeoutException">
      <![CDATA[org.openqa.selenium.TimeoutException: Expected condition failed: waiting for element to be clickable: By.xpath: //*[@title='Create a new playlist'] (tried for 10 second(s) with 200 milliseconds interval)
Build info: version: '4.9.1', revision: 'eb2032df7f'
System info: os.name: 'Windows 10', os.arch: 'amd64', os.version: '10.0', java.version: '17.0.9'
Driver info: org.openqa.selenium.chrome.ChromeDriver
Capabilities {acceptInsecureCerts: false, browserName: chrome, browserVersion: 119.0.6045.160, chrome: {chromedriverVersion: 119.0.6045.105 (38c72552c5e..., userDataDir: C:\Users\acade\AppData\Loca...}, fedcm:accounts: true, goog:chromeOptions: {debuggerAddress: localhost:50398}, networkConnectionEnabled: false, pageLoadStrategy: normal, platformName: windows, proxy: Proxy(), se:cdp: ws://localhost:50398/devtoo..., se:cdpVersion: 119.0.6045.160, setWindowRect: true, strictFileInteractability: false, timeouts: {implicit: 0, pageLoad: 300000, script: 30000}, unhandledPromptBehavior: dismiss and notify, webauthn:extension:credBlob: true, webauthn:extension:largeBlob: true, webauthn:extension:minPinLength: true, webauthn:extension:prf: true, webauthn:virtualAuthenticators: true}
Session ID: 4af8378484dedaba6ad605163df1e7ac
at org.openqa.selenium.support.ui.WebDriverWait.timeoutException(WebDriverWait.java:87)
at org.openqa.selenium.support.ui.FluentWait.until(FluentWait.java:231)
at pageObjects.MainPage.getPlusButton(MainPage.java:20)
at pageObjects.MainPage.createPlaylist(MainPage.java:49)
at pageObjectsTests.PlayListTests.playlistTests_renamePlaylist_playlistRenamed(PlayListTests.java:38)
at java.base/jdk.internal.reflect.NativeMethodAccessorImpl.invoke0(Native Method)
at java.base/jdk.internal.reflect.NativeMethodAccessorImpl.invoke(NativeMethodAccessorImpl.java:77)
at java.base/jdk.internal.reflect.DelegatingMethodAccessorImpl.invoke(DelegatingMethodAccessorImpl.java:43)
at java.base/java.lang.reflect.Method.invoke(Method.java:568)
at org.testng.internal.invokers.MethodInvocationHelper.invokeMethod(MethodInvocationHelper.java:139)
at org.testng.internal.invokers.TestInvoker.invokeMethod(TestInvoker.java:677)
at org.testng.internal.invokers.TestInvoker.invokeTestMethod(TestInvoker.java:221)
at org.testng.internal.invokers.MethodRunner.runInSequence(MethodRunner.java:50)
at org.testng.internal.invokers.TestInvoker$MethodInvocationAgent.invoke(TestInvoker.java:969)
at org.testng.internal.invokers.TestInvoker.invokeTestMethods(TestInvoker.java:194)
at org.testng.internal.invokers.TestMethodWorker.invokeTestMethods(TestMethodWorker.java:148)
at org.testng.internal.invokers.TestMethodWorker.run(TestMethodWorker.java:128)
at java.base/java.util.concurrent.ThreadPoolExecutor.runWorker(ThreadPoolExecutor.java:1136)
at java.base/java.util.concurrent.ThreadPoolExecutor$Worker.run(ThreadPoolExecutor.java:635)
at java.base/java.lang.Thread.run(Thread.java:840)
]]>
    </error>
  </testcase> <!-- playlistTests_renamePlaylist_playlistRenamed -->
  <system-out/>
  <testcase classname="pageObjectsTests.PlayListTests" name="playlistTests_renamePlaylist_playlistRenamed2" time="15.985"/>
  <system-out/>
  <testcase classname="pageObjectsTests.PlayListTests" name="playlistTests_renamePlaylist_playlistRenamed3" time="16.368"/>
  <system-out/>
  <testcase classname="pageObjectsTests.PlayListTests" name="playlistTests_renamePlaylist_playlistRenamed4" time="13.153"/>
  <system-out/>
  <testcase classname="pageObjectsTests.PlayListTests" name="playlistTests_createPlaylist_playlistCreated4" time="9.284"/>
  <system-out/>
  <testcase classname="pageObjectsTests.PlayListTests" name="playlistTests_createPlaylist_playlistCreated2" time="18.885"/>
  <system-out/>
  <testcase classname="pageObjectsTests.PlayListTests" name="playlistTests_createPlaylist_playlistCreated" time="10.914"/>
  <system-out/>
  <testcase classname="pageObjectsTests.PlayListTests" name="playlistTests_createPlaylist_playlistCreated3" time="15.419"/>
  <system-out/>
</testsuite> <!-- pageObjectsTests.PlayListTests -->
